#
# There is insufficient memory for the Java Runtime Environment to continue.
# Native memory allocation (malloc) failed to allocate 1048576 bytes for AllocateHeap
# Possible reasons:
#   The system is out of physical RAM or swap space
#   In 32 bit mode, the process size limit was hit
# Possible solutions:
#   Reduce memory load on the system
#   Increase physical memory or swap space
#   Check if swap backing store is full
#   Use 64 bit Java on a 64 bit OS
#   Decrease Java heap size (-Xmx/-Xms)
#   Decrease number of Java threads
#   Decrease Java thread stack sizes (-Xss)
#   Set larger code cache with -XX:ReservedCodeCacheSize=
# This output file may be truncated or incomplete.
#
#  Out of Memory Error (memory/allocation.inline.hpp:61), pid=5340, tid=4836
#
# JRE version:  (8.0_65-b17) (build )
# Java VM: Java HotSpot(TM) 64-Bit Server VM (25.65-b01 mixed mode windows-amd64 compressed oops)
# Failed to write core dump. Minidumps are not enabled by default on client versions of Windows
#

---------------  T H R E A D  ---------------

Current thread (0x0000000002100800):  JavaThread "Unknown thread" [_thread_in_vm, id=4836, stack(0x0000000002000000,0x0000000002100000)]

Stack: [0x0000000002000000,0x0000000002100000]
[error occurred during error reporting (printing stack bounds), id 0xc0000005]

Native frames: (J=compiled Java code, j=interpreted, Vv=VM code, C=native code)


---------------  P R O C E S S  ---------------

Java Threads: ( => current thread )

Other Threads:

=>0x0000000002100800 (exited) JavaThread "Unknown thread" [_thread_in_vm, id=4836, stack(0x0000000002000000,0x0000000002100000)]

VM state:not at safepoint (normal execution)

VM Mutex/Monitor currently owned by a thread: None

Heap:
 PSYoungGen      total 18944K, used 327K [0x00000000eab00000, 0x00000000ec000000, 0x0000000100000000)
  eden space 16384K, 2% used [0x00000000eab00000,0x00000000eab51ec8,0x00000000ebb00000)
  from space 2560K, 0% used [0x00000000ebd80000,0x00000000ebd80000,0x00000000ec000000)
  to   space 2560K, 0% used [0x00000000ebb00000,0x00000000ebb00000,0x00000000ebd80000)
 ParOldGen       total 44032K, used 0K [0x00000000c0000000, 0x00000000c2b00000, 0x00000000eab00000)
  object space 44032K, 0% used [0x00000000c0000000,0x00000000c0000000,0x00000000c2b00000)
 Metaspace       used 767K, capacity 4480K, committed 4480K, reserved 1056768K
  class space    used 75K, capacity 384K, committed 384K, reserved 1048576K

Card table byte_map: [0x00000000115c0000,0x00000000117d0000] byte_map_base: 0x0000000010fc0000

Marking Bits: (ParMarkBitMap*) 0x000000006c85a5b0
 Begin Bits: [0x0000000011d30000, 0x0000000012d30000)
 End Bits:   [0x0000000012d30000, 0x0000000013d30000)

Polling page: 0x0000000000360000

CodeCache: size=245760Kb used=328Kb max_used=328Kb free=245431Kb
 bounds [0x0000000002200000, 0x0000000002470000, 0x0000000011200000]
 total_blobs=57 nmethods=0 adapters=37
 compilation: enabled

Compilation events (0 events):
No events

GC Heap History (0 events):
No events

Deoptimization events (0 events):
No events

Internal exceptions (0 events):
No events

Events (10 events):
Event: 0.058 loading class java/lang/Short
Event: 0.058 loading class java/lang/Short done
Event: 0.058 loading class java/lang/Integer
Event: 0.058 loading class java/lang/Integer done
Event: 0.058 loading class java/lang/Long
Event: 0.058 loading class java/lang/Long done
Event: 0.058 loading class java/lang/NullPointerException
Event: 0.058 loading class java/lang/NullPointerException done
Event: 0.058 loading class java/lang/ArithmeticException
Event: 0.058 loading class java/lang/ArithmeticException done


Dynamic libraries:
0x00007ff66ca50000 - 0x00007ff66ca87000 	E:\Java\jdk1.8.0_65\bin\java.exe
0x00007ffde01f0000 - 0x00007ffde0399000 	C:\Windows\SYSTEM32\ntdll.dll
0x00007ffdddff0000 - 0x00007ffdde129000 	C:\Windows\system32\KERNEL32.DLL
0x00007ffddd920000 - 0x00007ffddda2e000 	C:\Windows\system32\KERNELBASE.dll
0x00007ffdddda0000 - 0x00007ffddde45000 	C:\Windows\system32\ADVAPI32.dll
0x00007ffdde130000 - 0x00007ffdde2a1000 	C:\Windows\system32\USER32.dll
0x00007ffddb3c0000 - 0x00007ffddb61a000 	C:\Windows\WinSxS\amd64_microsoft.windows.common-controls_6595b64144ccf1df_6.0.9600.16384_none_62475f7becb72503\COMCTL32.dll
0x00007ffdddc80000 - 0x00007ffdddd27000 	C:\Windows\system32\msvcrt.dll
0x00007ffdde370000 - 0x00007ffdde3c7000 	C:\Windows\SYSTEM32\sechost.dll
0x00007ffdde3d0000 - 0x00007ffdde506000 	C:\Windows\system32\RPCRT4.dll
0x00007ffdde800000 - 0x00007ffdde945000 	C:\Windows\system32\GDI32.dll
0x00007ffdde760000 - 0x00007ffdde794000 	C:\Windows\system32\IMM32.DLL
0x00007ffdde950000 - 0x00007ffddea89000 	C:\Windows\system32\MSCTF.dll
0x000000006d190000 - 0x000000006d262000 	E:\Java\jdk1.8.0_65\jre\bin\msvcr100.dll
0x000000006c050000 - 0x000000006c8d9000 	E:\Java\jdk1.8.0_65\jre\bin\server\jvm.dll
0x00007ffdd5e10000 - 0x00007ffdd5e19000 	C:\Windows\SYSTEM32\WSOCK32.dll
0x00007ffdd5f80000 - 0x00007ffdd5f9f000 	C:\Windows\SYSTEM32\WINMM.dll
0x00007ffdd41a0000 - 0x00007ffdd41aa000 	C:\Windows\SYSTEM32\VERSION.dll
0x00007ffdde750000 - 0x00007ffdde757000 	C:\Windows\system32\PSAPI.DLL
0x00007ffdddd40000 - 0x00007ffdddd98000 	C:\Windows\system32\WS2_32.dll
0x00007ffdd5f50000 - 0x00007ffdd5f7a000 	C:\Windows\SYSTEM32\WINMMBASE.dll
0x00007ffdddd30000 - 0x00007ffdddd39000 	C:\Windows\system32\NSI.dll
0x00007ffddda30000 - 0x00007ffddda7a000 	C:\Windows\SYSTEM32\cfgmgr32.dll
0x00007ffddc420000 - 0x00007ffddc446000 	C:\Windows\SYSTEM32\DEVOBJ.dll
0x000000006d780000 - 0x000000006d78f000 	E:\Java\jdk1.8.0_65\jre\bin\verify.dll
0x000000006d750000 - 0x000000006d779000 	E:\Java\jdk1.8.0_65\jre\bin\java.dll
0x000000006d730000 - 0x000000006d746000 	E:\Java\jdk1.8.0_65\jre\bin\zip.dll

VM Arguments:
jvm_args: -Xmx1024M -Dfile.encoding=GBK -Duser.country=CN -Duser.language=zh -Duser.variant 
java_command: com.android.dx.command.Main --dex --num-threads=4 --output D:\AndroidStudioProjects\gaodedemo\app\build\intermediates\pre-dexed\debug\AMap_Services_V2.5.0-0d48e2cbeb6fb26f9c831564822775c7d2257b6a.jar D:\AndroidStudioProjects\gaodedemo\app\libs\AMap_Services_V2.5.0.jar
java_class_path (initial): D:\Android\sdk\build-tools\23.0.2\lib\dx.jar
Launcher Type: SUN_STANDARD

Environment Variables:
JAVA_HOME=E:\Java\jdk1.8.0_65
CLASSPATH=E:\Java\jdk1.8.0_65\lib\dt.jar;E:\Java\jdk1.8.0_65\lib\tools.jar;
PATH=C:\ProgramData\Oracle\Java\javapath;C:\Program Files (x86)\Intel\iCLS Client\;C:\Program Files\Intel\iCLS Client\;C:\Windows\system32;C:\Windows;C:\Windows\System32\Wbem;C:\Windows\System32\WindowsPowerShell\v1.0\;C:\Program Files (x86)\Intel\Intel(R) Management Engine Components\DAL;C:\Program Files\Intel\Intel(R) Management Engine Components\DAL;C:\Program Files (x86)\Intel\Intel(R) Management Engine Components\IPT;C:\Program Files\Intel\Intel(R) Management Engine Components\IPT;C:\Program Files (x86)\NVIDIA Corporation\PhysX\Common;E:\Java\jdk1.8.0_65\bin;E:\Android\sdk\platform-tools;E:\Android\sdk\tools;c:\Program Files (x86)\Microsoft SQL Server\90\Tools\binn\
USERNAME=Administrator
OS=Windows_NT
PROCESSOR_IDENTIFIER=Intel64 Family 6 Model 61 Stepping 4, GenuineIntel



---------------  S Y S T E M  ---------------

OS: Windows 8.1 , 64 bit Build 9600 (6.3.9600.16656)

CPU:total 4 (2 cores per cpu, 2 threads per core) family 6 model 61 stepping 4, cmov, cx8, fxsr, mmx, sse, sse2, sse3, ssse3, sse4.1, sse4.2, popcnt, avx, avx2, aes, clmul, erms, 3dnowpref, lzcnt, ht, tsc, tscinvbit, bmi1, bmi2, adx

Memory: 4k page, physical 4106572k(496136k free), swap 4106572k(9772k free)

vm_info: Java HotSpot(TM) 64-Bit Server VM (25.65-b01) for windows-amd64 JRE (1.8.0_65-b17), built on Oct  6 2015 16:39:20 by "java_re" with MS VC++ 10.0 (VS2010)

time: Sun Nov 15 19:08:00 2015
elapsed time: 0 seconds (0d 0h 0m 0s)

