#
# There is insufficient memory for the Java Runtime Environment to continue.
# Native memory allocation (malloc) failed to allocate 772736 bytes for Chunk::new
# Possible reasons:
#   The system is out of physical RAM or swap space
#   In 32 bit mode, the process size limit was hit
# Possible solutions:
#   Reduce memory load on the system
#   Increase physical memory or swap space
#   Check if swap backing store is full
#   Use 64 bit Java on a 64 bit OS
#   Decrease Java heap size (-Xmx/-Xms)
#   Decrease number of Java threads
#   Decrease Java thread stack sizes (-Xss)
#   Set larger code cache with -XX:ReservedCodeCacheSize=
# This output file may be truncated or incomplete.
#
#  Out of Memory Error (allocation.cpp:390), pid=4440, tid=5696
#
# JRE version: Java(TM) SE Runtime Environment (8.0_65-b17) (build 1.8.0_65-b17)
# Java VM: Java HotSpot(TM) 64-Bit Server VM (25.65-b01 mixed mode windows-amd64 compressed oops)
# Failed to write core dump. Minidumps are not enabled by default on client versions of Windows
#

---------------  T H R E A D  ---------------

Current thread (0x0000000014f9a000):  JavaThread "C2 CompilerThread0" daemon [_thread_in_native, id=5696, stack(0x00000000164e0000,0x00000000165e0000)]

Stack: [0x00000000164e0000,0x00000000165e0000]
[error occurred during error reporting (printing stack bounds), id 0xc0000005]

Native frames: (J=compiled Java code, j=interpreted, Vv=VM code, C=native code)


Current CompileTask:
C2:   1965 1193       4       com.android.dx.ssa.SCCP::simulateStmt (481 bytes)


---------------  P R O C E S S  ---------------

Java Threads: ( => current thread )
  0x00000000169ce000 JavaThread "pool-1-thread-4" [_thread_blocked, id=5472, stack(0x00000000179e0000,0x0000000017ae0000)]
  0x00000000169f4000 JavaThread "pool-1-thread-3" [_thread_in_vm, id=6440, stack(0x00000000178e0000,0x00000000179e0000)]
  0x00000000169f3000 JavaThread "pool-1-thread-2" [_thread_blocked, id=6008, stack(0x00000000177e0000,0x00000000178e0000)]
  0x0000000016950800 JavaThread "pool-2-thread-1" [_thread_blocked, id=6888, stack(0x00000000176e0000,0x00000000177e0000)]
  0x000000001694a000 JavaThread "pool-1-thread-1" [_thread_in_Java, id=6544, stack(0x00000000175e0000,0x00000000176e0000)]
  0x0000000016748800 JavaThread "Service Thread" daemon [_thread_blocked, id=6980, stack(0x0000000016be0000,0x0000000016ce0000)]
  0x0000000016741800 JavaThread "C1 CompilerThread2" daemon [_thread_blocked, id=2852, stack(0x0000000016ae0000,0x0000000016be0000)]
  0x0000000014f9c000 JavaThread "C2 CompilerThread1" daemon [_thread_in_native, id=4956, stack(0x00000000165e0000,0x00000000166e0000)]
=>0x0000000014f9a000 JavaThread "C2 CompilerThread0" daemon [_thread_in_native, id=5696, stack(0x00000000164e0000,0x00000000165e0000)]
  0x0000000014f4e000 JavaThread "Attach Listener" daemon [_thread_blocked, id=7072, stack(0x00000000163e0000,0x00000000164e0000)]
  0x0000000014f4d000 JavaThread "Signal Dispatcher" daemon [_thread_blocked, id=6636, stack(0x00000000162e0000,0x00000000163e0000)]
  0x0000000002866000 JavaThread "Finalizer" daemon [_thread_blocked, id=6260, stack(0x0000000016190000,0x0000000016290000)]
  0x000000000285d000 JavaThread "Reference Handler" daemon [_thread_blocked, id=4688, stack(0x0000000016090000,0x0000000016190000)]
  0x0000000002770800 JavaThread "main" [_thread_in_vm, id=2776, stack(0x00000000025d0000,0x00000000026d0000)]

Other Threads:
  0x0000000014f08000 VMThread [stack: 0x0000000015f90000,0x0000000016090000] [id=892]
  0x00000000167b0800 WatcherThread [stack: 0x0000000016ce0000,0x0000000016de0000] [id=3392]

VM state:not at safepoint (normal execution)

VM Mutex/Monitor currently owned by a thread: None

Heap:
 PSYoungGen      total 18944K, used 6413K [0x00000000eab00000, 0x00000000ed000000, 0x0000000100000000)
  eden space 16384K, 23% used [0x00000000eab00000,0x00000000eaecb040,0x00000000ebb00000)
  from space 2560K, 98% used [0x00000000ebd80000,0x00000000ebff85f8,0x00000000ec000000)
  to   space 2560K, 0% used [0x00000000ebb00000,0x00000000ebb00000,0x00000000ebd80000)
 ParOldGen       total 44032K, used 2655K [0x00000000c0000000, 0x00000000c2b00000, 0x00000000eab00000)
  object space 44032K, 6% used [0x00000000c0000000,0x00000000c0297d18,0x00000000c2b00000)
 Metaspace       used 6010K, capacity 6896K, committed 7040K, reserved 1056768K
  class space    used 602K, capacity 616K, committed 640K, reserved 1048576K

Card table byte_map: [0x0000000011c30000,0x0000000011e40000] byte_map_base: 0x0000000011630000

Marking Bits: (ParMarkBitMap*) 0x000000006c85a5b0
 Begin Bits: [0x00000000123a0000, 0x00000000133a0000)
 End Bits:   [0x00000000133a0000, 0x00000000143a0000)

Polling page: 0x00000000026d0000

CodeCache: size=245760Kb used=4777Kb max_used=4789Kb free=240982Kb
 bounds [0x0000000002870000, 0x0000000002d30000, 0x0000000011870000]
 total_blobs=1490 nmethods=1219 adapters=184
 compilation: enabled

Compilation events (10 events):
Event: 1.943 Thread 0x0000000016741800 nmethod 1215 0x0000000002d1e010 code [0x0000000002d1e1a0, 0x0000000002d1e598]
Event: 1.943 Thread 0x0000000016741800 1216       3       com.android.dx.ssa.SsaMethod::removeFromUseList (57 bytes)
Event: 1.944 Thread 0x0000000016741800 nmethod 1216 0x0000000002d1d310 code [0x0000000002d1d4e0, 0x0000000002d1dca8]
Event: 1.944 Thread 0x0000000016741800 1217       3       java.util.HashMap::get (23 bytes)
Event: 1.944 Thread 0x0000000016741800 nmethod 1217 0x0000000002d1cc10 code [0x0000000002d1cda0, 0x0000000002d1d198]
Event: 1.945 Thread 0x0000000014f9c000 1218       4       java.util.Arrays::hashCode (56 bytes)
Event: 1.950 Thread 0x0000000014f9c000 nmethod 1218 0x0000000002d1c690 code [0x0000000002d1c7e0, 0x0000000002d1ca18]
Event: 1.951 Thread 0x0000000014f9c000 1219       4       com.android.dx.util.FixedSizeList::hashCode (8 bytes)
Event: 1.956 Thread 0x0000000014f9c000 nmethod 1219 0x0000000002d1c090 code [0x0000000002d1c1e0, 0x0000000002d1c438]
Event: 1.957 Thread 0x0000000014f9c000 1220       4       com.android.dx.ssa.SsaBasicBlock::forEachPhiInsn (54 bytes)

GC Heap History (4 events):
Event: 0.579 GC heap before
{Heap before GC invocations=1 (full 0):
 PSYoungGen      total 18944K, used 16384K [0x00000000eab00000, 0x00000000ec000000, 0x0000000100000000)
  eden space 16384K, 100% used [0x00000000eab00000,0x00000000ebb00000,0x00000000ebb00000)
  from space 2560K, 0% used [0x00000000ebd80000,0x00000000ebd80000,0x00000000ec000000)
  to   space 2560K, 0% used [0x00000000ebb00000,0x00000000ebb00000,0x00000000ebd80000)
 ParOldGen       total 44032K, used 0K [0x00000000c0000000, 0x00000000c2b00000, 0x00000000eab00000)
  object space 44032K, 0% used [0x00000000c0000000,0x00000000c0000000,0x00000000c2b00000)
 Metaspace       used 4038K, capacity 5104K, committed 5376K, reserved 1056768K
  class space    used 448K, capacity 488K, committed 512K, reserved 1048576K
Event: 0.583 GC heap after
Heap after GC invocations=1 (full 0):
 PSYoungGen      total 18944K, used 1773K [0x00000000eab00000, 0x00000000ec000000, 0x0000000100000000)
  eden space 16384K, 0% used [0x00000000eab00000,0x00000000eab00000,0x00000000ebb00000)
  from space 2560K, 69% used [0x00000000ebb00000,0x00000000ebcbb610,0x00000000ebd80000)
  to   space 2560K, 0% used [0x00000000ebd80000,0x00000000ebd80000,0x00000000ec000000)
 ParOldGen       total 44032K, used 8K [0x00000000c0000000, 0x00000000c2b00000, 0x00000000eab00000)
  object space 44032K, 0% used [0x00000000c0000000,0x00000000c0002000,0x00000000c2b00000)
 Metaspace       used 4038K, capacity 5104K, committed 5376K, reserved 1056768K
  class space    used 448K, capacity 488K, committed 512K, reserved 1048576K
}
Event: 1.385 GC heap before
{Heap before GC invocations=2 (full 0):
 PSYoungGen      total 18944K, used 18157K [0x00000000eab00000, 0x00000000ec000000, 0x0000000100000000)
  eden space 16384K, 100% used [0x00000000eab00000,0x00000000ebb00000,0x00000000ebb00000)
  from space 2560K, 69% used [0x00000000ebb00000,0x00000000ebcbb610,0x00000000ebd80000)
  to   space 2560K, 0% used [0x00000000ebd80000,0x00000000ebd80000,0x00000000ec000000)
 ParOldGen       total 44032K, used 8K [0x00000000c0000000, 0x00000000c2b00000, 0x00000000eab00000)
  object space 44032K, 0% used [0x00000000c0000000,0x00000000c0002000,0x00000000c2b00000)
 Metaspace       used 5932K, capacity 6832K, committed 7040K, reserved 1056768K
  class space    used 602K, capacity 616K, committed 640K, reserved 1048576K
Event: 1.507 GC heap after
Heap after GC invocations=2 (full 0):
 PSYoungGen      total 18944K, used 2529K [0x00000000eab00000, 0x00000000ed000000, 0x0000000100000000)
  eden space 16384K, 0% used [0x00000000eab00000,0x00000000eab00000,0x00000000ebb00000)
  from space 2560K, 98% used [0x00000000ebd80000,0x00000000ebff85f8,0x00000000ec000000)
  to   space 2560K, 0% used [0x00000000ebb00000,0x00000000ebb00000,0x00000000ebd80000)
 ParOldGen       total 44032K, used 2655K [0x00000000c0000000, 0x00000000c2b00000, 0x00000000eab00000)
  object space 44032K, 6% used [0x00000000c0000000,0x00000000c0297d18,0x00000000c2b00000)
 Metaspace       used 5932K, capacity 6832K, committed 7040K, reserved 1056768K
  class space    used 602K, capacity 616K, committed 640K, reserved 1048576K
}

Deoptimization events (5 events):
Event: 0.988 Thread 0x00000000169f4000 Uncommon trap: reason=unstable_if action=reinterpret pc=0x0000000002aa241c method=java.util.HashMap.getNode(ILjava/lang/Object;)Ljava/util/HashMap$Node; @ 129
Event: 1.131 Thread 0x0000000002770800 Uncommon trap: reason=unstable_if action=reinterpret pc=0x0000000002b2679c method=com.android.dx.rop.code.LocalItem.hashCode()I @ 25
Event: 1.163 Thread 0x00000000169ce000 Uncommon trap: reason=unstable_if action=reinterpret pc=0x0000000002ba38a0 method=com.android.dx.rop.code.LocalItem.hashCode()I @ 25
Event: 1.173 Thread 0x0000000002770800 Uncommon trap: reason=unstable_if action=reinterpret pc=0x0000000002ab46b0 method=java.util.BitSet.nextSetBit(I)I @ 87
Event: 1.943 Thread 0x000000001694a000 Uncommon trap: reason=unstable_if action=reinterpret pc=0x0000000002ab5d88 method=java.util.HashMap.getNode(ILjava/lang/Object;)Ljava/util/HashMap$Node; @ 129

Internal exceptions (2 events):
Event: 0.080 Thread 0x0000000002770800 Exception <a 'java/lang/NoSuchMethodError': Method sun.misc.Unsafe.defineClass(Ljava/lang/String;[BII)Ljava/lang/Class; name or signature does not match> (0x00000000eab13088) thrown at [C:\workspace\8-2-build-windows-amd64-cygwin\jdk8u65\4987\hotspot\src\sÚuË¡d´?
Event: 0.080 Thread 0x0000000002770800 Exception <a 'java/lang/NoSuchMethodError': Method sun.misc.Unsafe.prefetchRead(Ljava/lang/Object;J)V name or signature does not match> (0x00000000eab13370) thrown at [C:\workspace\8-2-build-windows-amd64-cygwin\jdk8u65\4987\hotspot\src\share\vm\prims\jni.

Events (10 events):
Event: 1.164 Thread 0x00000000169ce000 DEOPT PACKING pc=0x0000000002ba38a0 sp=0x0000000017adec70
Event: 1.164 Thread 0x00000000169ce000 DEOPT UNPACKING pc=0x00000000028b582a sp=0x0000000017adea40 mode 2
Event: 1.173 Thread 0x0000000002770800 Uncommon trap: trap_request=0xffffff65 fr.pc=0x0000000002ab46b0
Event: 1.173 Thread 0x0000000002770800 DEOPT PACKING pc=0x0000000002ab46b0 sp=0x00000000026ce2e0
Event: 1.173 Thread 0x0000000002770800 DEOPT UNPACKING pc=0x00000000028b582a sp=0x00000000026ce278 mode 2
Event: 1.321 Executing VM operation: ParallelGCFailedAllocation
Event: 1.507 Executing VM operation: ParallelGCFailedAllocation done
Event: 1.943 Thread 0x000000001694a000 Uncommon trap: trap_request=0xffffff65 fr.pc=0x0000000002ab5d88
Event: 1.943 Thread 0x000000001694a000 DEOPT PACKING pc=0x0000000002ab5d88 sp=0x00000000176de5e0
Event: 1.943 Thread 0x000000001694a000 DEOPT UNPACKING pc=0x00000000028b582a sp=0x00000000176de500 mode 2


Dynamic libraries:
0x00007ff66ca50000 - 0x00007ff66ca87000 	E:\Java\jdk1.8.0_65\bin\java.exe
0x00007ffde01f0000 - 0x00007ffde0399000 	C:\Windows\SYSTEM32\ntdll.dll
0x00007ffdddff0000 - 0x00007ffdde129000 	C:\Windows\system32\KERNEL32.DLL
0x00007ffddd920000 - 0x00007ffddda2e000 	C:\Windows\system32\KERNELBASE.dll
0x00007ffdddda0000 - 0x00007ffddde45000 	C:\Windows\system32\ADVAPI32.dll
0x00007ffdde130000 - 0x00007ffdde2a1000 	C:\Windows\system32\USER32.dll
0x00007ffddb3c0000 - 0x00007ffddb61a000 	C:\Windows\WinSxS\amd64_microsoft.windows.common-controls_6595b64144ccf1df_6.0.9600.16384_none_62475f7becb72503\COMCTL32.dll
0x00007ffdddc80000 - 0x00007ffdddd27000 	C:\Windows\system32\msvcrt.dll
0x00007ffdde370000 - 0x00007ffdde3c7000 	C:\Windows\SYSTEM32\sechost.dll
0x00007ffdde3d0000 - 0x00007ffdde506000 	C:\Windows\system32\RPCRT4.dll
0x00007ffdde800000 - 0x00007ffdde945000 	C:\Windows\system32\GDI32.dll
0x00007ffdde760000 - 0x00007ffdde794000 	C:\Windows\system32\IMM32.DLL
0x00007ffdde950000 - 0x00007ffddea89000 	C:\Windows\system32\MSCTF.dll
0x000000006d190000 - 0x000000006d262000 	E:\Java\jdk1.8.0_65\jre\bin\msvcr100.dll
0x000000006c050000 - 0x000000006c8d9000 	E:\Java\jdk1.8.0_65\jre\bin\server\jvm.dll
0x00007ffdd5e10000 - 0x00007ffdd5e19000 	C:\Windows\SYSTEM32\WSOCK32.dll
0x00007ffdd5f80000 - 0x00007ffdd5f9f000 	C:\Windows\SYSTEM32\WINMM.dll
0x00007ffdd41a0000 - 0x00007ffdd41aa000 	C:\Windows\SYSTEM32\VERSION.dll
0x00007ffdde750000 - 0x00007ffdde757000 	C:\Windows\system32\PSAPI.DLL
0x00007ffdddd40000 - 0x00007ffdddd98000 	C:\Windows\system32\WS2_32.dll
0x00007ffdd5f50000 - 0x00007ffdd5f7a000 	C:\Windows\SYSTEM32\WINMMBASE.dll
0x00007ffdddd30000 - 0x00007ffdddd39000 	C:\Windows\system32\NSI.dll
0x00007ffddda30000 - 0x00007ffddda7a000 	C:\Windows\SYSTEM32\cfgmgr32.dll
0x00007ffddc420000 - 0x00007ffddc446000 	C:\Windows\SYSTEM32\DEVOBJ.dll
0x000000006d780000 - 0x000000006d78f000 	E:\Java\jdk1.8.0_65\jre\bin\verify.dll
0x000000006d750000 - 0x000000006d779000 	E:\Java\jdk1.8.0_65\jre\bin\java.dll
0x000000006d730000 - 0x000000006d746000 	E:\Java\jdk1.8.0_65\jre\bin\zip.dll
0x00007ffddede0000 - 0x00007ffde01ed000 	C:\Windows\system32\SHELL32.dll
0x00007ffddec00000 - 0x00007ffddedd7000 	C:\Windows\SYSTEM32\combase.dll
0x00007ffdde7a0000 - 0x00007ffdde7f1000 	C:\Windows\system32\SHLWAPI.dll
0x00007ffddbbc0000 - 0x00007ffddbc61000 	C:\Windows\SYSTEM32\SHCORE.dll
0x00007ffddd570000 - 0x00007ffddd584000 	C:\Windows\SYSTEM32\profapi.dll

VM Arguments:
jvm_args: -Xmx1024M -Dfile.encoding=GBK -Duser.country=CN -Duser.language=zh -Duser.variant 
java_command: com.android.dx.command.Main --dex --num-threads=4 --output D:\AndroidStudioProjects\gaodedemo\app\build\intermediates\pre-dexed\debug\classes-462c27aa2167c5d75e8c7385d71fdeb6e5194dfe.jar D:\AndroidStudioProjects\gaodedemo\app\build\intermediates\exploded-aar\com.android.support\support-v4\23.1.1\jars\classes.jar
java_class_path (initial): D:\Android\sdk\build-tools\23.0.2\lib\dx.jar
Launcher Type: SUN_STANDARD

Environment Variables:
JAVA_HOME=E:\Java\jdk1.8.0_65
CLASSPATH=E:\Java\jdk1.8.0_65\lib\dt.jar;E:\Java\jdk1.8.0_65\lib\tools.jar;
PATH=C:\ProgramData\Oracle\Java\javapath;C:\Program Files (x86)\Intel\iCLS Client\;C:\Program Files\Intel\iCLS Client\;C:\Windows\system32;C:\Windows;C:\Windows\System32\Wbem;C:\Windows\System32\WindowsPowerShell\v1.0\;C:\Program Files (x86)\Intel\Intel(R) Management Engine Components\DAL;C:\Program Files\Intel\Intel(R) Management Engine Components\DAL;C:\Program Files (x86)\Intel\Intel(R) Management Engine Components\IPT;C:\Program Files\Intel\Intel(R) Management Engine Components\IPT;C:\Program Files (x86)\NVIDIA Corporation\PhysX\Common;E:\Java\jdk1.8.0_65\bin;E:\Android\sdk\platform-tools;E:\Android\sdk\tools;c:\Program Files (x86)\Microsoft SQL Server\90\Tools\binn\
USERNAME=Administrator
OS=Windows_NT
PROCESSOR_IDENTIFIER=Intel64 Family 6 Model 61 Stepping 4, GenuineIntel



---------------  S Y S T E M  ---------------

OS: Windows 8.1 , 64 bit Build 9600 (6.3.9600.16656)

CPU:total 4 (2 cores per cpu, 2 threads per core) family 6 model 61 stepping 4, cmov, cx8, fxsr, mmx, sse, sse2, sse3, ssse3, sse4.1, sse4.2, popcnt, avx, avx2, aes, clmul, erms, 3dnowpref, lzcnt, ht, tsc, tscinvbit, bmi1, bmi2, adx

Memory: 4k page, physical 4106572k(536664k free), swap 4106572k(6796k free)

vm_info: Java HotSpot(TM) 64-Bit Server VM (25.65-b01) for windows-amd64 JRE (1.8.0_65-b17), built on Oct  6 2015 16:39:20 by "java_re" with MS VC++ 10.0 (VS2010)

time: Sun Nov 15 19:11:43 2015
elapsed time: 1 seconds (0d 0h 0m 1s)

