#
# There is insufficient memory for the Java Runtime Environment to continue.
# Native memory allocation (malloc) failed to allocate 32744 bytes for ChunkPool::allocate
# Possible reasons:
#   The system is out of physical RAM or swap space
#   In 32 bit mode, the process size limit was hit
# Possible solutions:
#   Reduce memory load on the system
#   Increase physical memory or swap space
#   Check if swap backing store is full
#   Use 64 bit Java on a 64 bit OS
#   Decrease Java heap size (-Xmx/-Xms)
#   Decrease number of Java threads
#   Decrease Java thread stack sizes (-Xss)
#   Set larger code cache with -XX:ReservedCodeCacheSize=
# This output file may be truncated or incomplete.
#
#  Out of Memory Error (allocation.cpp:273), pid=6520, tid=6180
#
# JRE version: Java(TM) SE Runtime Environment (8.0_65-b17) (build 1.8.0_65-b17)
# Java VM: Java HotSpot(TM) 64-Bit Server VM (25.65-b01 mixed mode windows-amd64 compressed oops)
# Failed to write core dump. Minidumps are not enabled by default on client versions of Windows
#

---------------  T H R E A D  ---------------

Current thread (0x0000000016673000):  JavaThread "C2 CompilerThread1" daemon [_thread_in_native, id=6180, stack(0x0000000016a20000,0x0000000016b20000)]

Stack: [0x0000000016a20000,0x0000000016b20000]
[error occurred during error reporting (printing stack bounds), id 0xc0000005]

Native frames: (J=compiled Java code, j=interpreted, Vv=VM code, C=native code)


Current CompileTask:
C2:   2058  657       4       com.android.dx.ssa.SsaBasicBlock::forEachInsn (37 bytes)


---------------  P R O C E S S  ---------------

Java Threads: ( => current thread )
  0x0000000016836800 JavaThread "pool-1-thread-4" [_thread_in_vm, id=6028, stack(0x0000000017220000,0x0000000017320000)]
  0x0000000016835800 JavaThread "pool-1-thread-3" [_thread_blocked, id=2232, stack(0x0000000017120000,0x0000000017220000)]
  0x000000001680a800 JavaThread "pool-1-thread-2" [_thread_blocked, id=5384, stack(0x0000000017020000,0x0000000017120000)]
  0x00000000167c1000 JavaThread "pool-2-thread-1" [_thread_blocked, id=4252, stack(0x0000000016f20000,0x0000000017020000)]
  0x00000000167c0000 JavaThread "pool-1-thread-1" [_thread_in_vm, id=4860, stack(0x0000000016e20000,0x0000000016f20000)]
  0x000000001667d000 JavaThread "Service Thread" daemon [_thread_blocked, id=5904, stack(0x0000000016c20000,0x0000000016d20000)]
  0x0000000016675800 JavaThread "C1 CompilerThread2" daemon [_thread_in_native, id=2532, stack(0x0000000016b20000,0x0000000016c20000)]
=>0x0000000016673000 JavaThread "C2 CompilerThread1" daemon [_thread_in_native, id=6180, stack(0x0000000016a20000,0x0000000016b20000)]
  0x000000001501a000 JavaThread "C2 CompilerThread0" daemon [_thread_in_native, id=5520, stack(0x0000000016520000,0x0000000016620000)]
  0x0000000014fce000 JavaThread "Attach Listener" daemon [_thread_blocked, id=4424, stack(0x0000000016420000,0x0000000016520000)]
  0x0000000014fcd000 JavaThread "Signal Dispatcher" daemon [_thread_blocked, id=5140, stack(0x0000000016320000,0x0000000016420000)]
  0x0000000002826000 JavaThread "Finalizer" daemon [_thread_blocked, id=4848, stack(0x0000000016220000,0x0000000016320000)]
  0x000000000281d000 JavaThread "Reference Handler" daemon [_thread_blocked, id=5224, stack(0x0000000016120000,0x0000000016220000)]
  0x0000000002730800 JavaThread "main" [_thread_blocked, id=5172, stack(0x0000000000ba0000,0x0000000000ca0000)]

Other Threads:
  0x0000000014f88000 VMThread [stack: 0x0000000016020000,0x0000000016120000] [id=4400]
  0x00000000166d5800 WatcherThread [stack: 0x0000000016d20000,0x0000000016e20000] [id=5836]

VM state:not at safepoint (normal execution)

VM Mutex/Monitor currently owned by a thread:  ([mutex/lock_event])
[0x00000000028ee050] MethodData_lock - owner thread: 0x00000000167c0000

Heap:
 PSYoungGen      total 18944K, used 14109K [0x00000000eab00000, 0x00000000ec000000, 0x0000000100000000)
  eden space 16384K, 86% used [0x00000000eab00000,0x00000000eb8c76b8,0x00000000ebb00000)
  from space 2560K, 0% used [0x00000000ebd80000,0x00000000ebd80000,0x00000000ec000000)
  to   space 2560K, 0% used [0x00000000ebb00000,0x00000000ebb00000,0x00000000ebd80000)
 ParOldGen       total 44032K, used 0K [0x00000000c0000000, 0x00000000c2b00000, 0x00000000eab00000)
  object space 44032K, 0% used [0x00000000c0000000,0x00000000c0000000,0x00000000c2b00000)
 Metaspace       used 5662K, capacity 6640K, committed 6784K, reserved 1056768K
  class space    used 592K, capacity 616K, committed 640K, reserved 1048576K

Card table byte_map: [0x0000000011cb0000,0x0000000011ec0000] byte_map_base: 0x00000000116b0000

Marking Bits: (ParMarkBitMap*) 0x000000006c85a5b0
 Begin Bits: [0x0000000012420000, 0x0000000013420000)
 End Bits:   [0x0000000013420000, 0x0000000014420000)

Polling page: 0x0000000000a00000

CodeCache: size=245760Kb used=2464Kb max_used=2475Kb free=243295Kb
 bounds [0x00000000028f0000, 0x0000000002b60000, 0x00000000118f0000]
 total_blobs=908 nmethods=638 adapters=183
 compilation: enabled

Compilation events (10 events):
Event: 2.022 Thread 0x000000001501a000 nmethod 650 0x0000000002b41f90 code [0x0000000002b420e0, 0x0000000002b42218]
Event: 2.022 Thread 0x000000001501a000  653       4       java.util.ArrayList$Itr::<init> (6 bytes)
Event: 2.023 Thread 0x000000001501a000 nmethod 653 0x0000000002b4c790 code [0x0000000002b4c8c0, 0x0000000002b4c958]
Event: 2.023 Thread 0x0000000016675800 nmethod 646 0x0000000002b58390 code [0x0000000002b587a0, 0x0000000002b5ac78]
Event: 2.023 Thread 0x0000000016675800  648   !   3       com.android.dx.cf.code.BytecodeArray::parseInstruction (2764 bytes)
Event: 2.024 Thread 0x0000000016673000 nmethod 652 0x0000000002b4c3d0 code [0x0000000002b4c520, 0x0000000002b4c658]
Event: 2.024 Thread 0x000000001501a000  656       4       com.android.dx.cf.code.LineNumberList::get (9 bytes)
Event: 2.025 Thread 0x000000001501a000 nmethod 656 0x0000000002b4c050 code [0x0000000002b4c1a0, 0x0000000002b4c278]
Event: 2.025 Thread 0x0000000016673000  657       4       com.android.dx.ssa.SsaBasicBlock::forEachInsn (37 bytes)
Event: 2.028 Thread 0x000000001501a000  662       4       com.android.dx.ssa.NormalSsaInsn::getOpcode (8 bytes)

GC Heap History (0 events):
No events

Deoptimization events (2 events):
Event: 1.963 Thread 0x0000000002730800 Uncommon trap: reason=unstable_if action=reinterpret pc=0x0000000002b077ec method=java.util.HashMap.getNode(ILjava/lang/Object;)Ljava/util/HashMap$Node; @ 62
Event: 1.968 Thread 0x0000000002730800 Uncommon trap: reason=unstable_if action=reinterpret pc=0x0000000002b175b0 method=java.util.BitSet.nextSetBit(I)I @ 87

Internal exceptions (2 events):
Event: 0.055 Thread 0x0000000002730800 Exception <a 'java/lang/NoSuchMethodError': Method sun.misc.Unsafe.defineClass(Ljava/lang/String;[BII)Ljava/lang/Class; name or signature does not match> (0x00000000eab12ee8) thrown at [C:\workspace\8-2-build-windows-amd64-cygwin\jdk8u65\4987\hotspot\src\sVôÉVõ«?
Event: 0.055 Thread 0x0000000002730800 Exception <a 'java/lang/NoSuchMethodError': Method sun.misc.Unsafe.prefetchRead(Ljava/lang/Object;J)V name or signature does not match> (0x00000000eab131d0) thrown at [C:\workspace\8-2-build-windows-amd64-cygwin\jdk8u65\4987\hotspot\src\share\vm\prims\jni.

Events (10 events):
Event: 1.962 Thread 0x0000000002730800 Uncommon trap: trap_request=0xffffff65 fr.pc=0x0000000002b077ec
Event: 1.963 Thread 0x0000000002730800 DEOPT PACKING pc=0x0000000002b077ec sp=0x0000000000c9e220
Event: 1.963 Thread 0x0000000002730800 DEOPT UNPACKING pc=0x000000000293582a sp=0x0000000000c9e1a8 mode 2
Event: 1.968 Thread 0x0000000002730800 Uncommon trap: trap_request=0xffffff65 fr.pc=0x0000000002b175b0
Event: 1.968 Thread 0x0000000002730800 DEOPT PACKING pc=0x0000000002b175b0 sp=0x0000000000c9e270
Event: 1.968 Thread 0x0000000002730800 DEOPT UNPACKING pc=0x000000000293582a sp=0x0000000000c9e208 mode 2
Event: 1.977 loading class com/android/dx/ssa/PhiInsn$Operand
Event: 1.977 loading class com/android/dx/ssa/PhiInsn$Operand done
Event: 2.022 loading class java/util/ArrayList$1
Event: 2.022 loading class java/util/ArrayList$1 done


Dynamic libraries:
0x00007ff66ca50000 - 0x00007ff66ca87000 	E:\Java\jdk1.8.0_65\bin\java.exe
0x00007ffde01f0000 - 0x00007ffde0399000 	C:\Windows\SYSTEM32\ntdll.dll
0x00007ffdddff0000 - 0x00007ffdde129000 	C:\Windows\system32\KERNEL32.DLL
0x00007ffddd920000 - 0x00007ffddda2e000 	C:\Windows\system32\KERNELBASE.dll
0x00007ffdddda0000 - 0x00007ffddde45000 	C:\Windows\system32\ADVAPI32.dll
0x00007ffdde130000 - 0x00007ffdde2a1000 	C:\Windows\system32\USER32.dll
0x00007ffddb3c0000 - 0x00007ffddb61a000 	C:\Windows\WinSxS\amd64_microsoft.windows.common-controls_6595b64144ccf1df_6.0.9600.16384_none_62475f7becb72503\COMCTL32.dll
0x00007ffdddc80000 - 0x00007ffdddd27000 	C:\Windows\system32\msvcrt.dll
0x00007ffdde370000 - 0x00007ffdde3c7000 	C:\Windows\SYSTEM32\sechost.dll
0x00007ffdde3d0000 - 0x00007ffdde506000 	C:\Windows\system32\RPCRT4.dll
0x00007ffdde800000 - 0x00007ffdde945000 	C:\Windows\system32\GDI32.dll
0x00007ffdde760000 - 0x00007ffdde794000 	C:\Windows\system32\IMM32.DLL
0x00007ffdde950000 - 0x00007ffddea89000 	C:\Windows\system32\MSCTF.dll
0x000000006d190000 - 0x000000006d262000 	E:\Java\jdk1.8.0_65\jre\bin\msvcr100.dll
0x000000006c050000 - 0x000000006c8d9000 	E:\Java\jdk1.8.0_65\jre\bin\server\jvm.dll
0x00007ffdd5e10000 - 0x00007ffdd5e19000 	C:\Windows\SYSTEM32\WSOCK32.dll
0x00007ffdd5f80000 - 0x00007ffdd5f9f000 	C:\Windows\SYSTEM32\WINMM.dll
0x00007ffdd41a0000 - 0x00007ffdd41aa000 	C:\Windows\SYSTEM32\VERSION.dll
0x00007ffdde750000 - 0x00007ffdde757000 	C:\Windows\system32\PSAPI.DLL
0x00007ffdddd40000 - 0x00007ffdddd98000 	C:\Windows\system32\WS2_32.dll
0x00007ffdd5f50000 - 0x00007ffdd5f7a000 	C:\Windows\SYSTEM32\WINMMBASE.dll
0x00007ffdddd30000 - 0x00007ffdddd39000 	C:\Windows\system32\NSI.dll
0x00007ffddda30000 - 0x00007ffddda7a000 	C:\Windows\SYSTEM32\cfgmgr32.dll
0x00007ffddc420000 - 0x00007ffddc446000 	C:\Windows\SYSTEM32\DEVOBJ.dll
0x000000006d780000 - 0x000000006d78f000 	E:\Java\jdk1.8.0_65\jre\bin\verify.dll
0x000000006d750000 - 0x000000006d779000 	E:\Java\jdk1.8.0_65\jre\bin\java.dll
0x000000006d730000 - 0x000000006d746000 	E:\Java\jdk1.8.0_65\jre\bin\zip.dll
0x00007ffddede0000 - 0x00007ffde01ed000 	C:\Windows\system32\SHELL32.dll
0x00007ffddec00000 - 0x00007ffddedd7000 	C:\Windows\SYSTEM32\combase.dll
0x00007ffdde7a0000 - 0x00007ffdde7f1000 	C:\Windows\system32\SHLWAPI.dll
0x00007ffddbbc0000 - 0x00007ffddbc61000 	C:\Windows\SYSTEM32\SHCORE.dll
0x00007ffddd570000 - 0x00007ffddd584000 	C:\Windows\SYSTEM32\profapi.dll

VM Arguments:
jvm_args: -Xmx1024M -Dfile.encoding=GBK -Duser.country=CN -Duser.language=zh -Duser.variant 
java_command: com.android.dx.command.Main --dex --num-threads=4 --output D:\AndroidStudioProjects\gaodedemo\app\build\intermediates\pre-dexed\debug\Android_Location_V1.3.3-9e2ce671292f96af9185fb94149d53c8fefdf5ad.jar D:\AndroidStudioProjects\gaodedemo\app\libs\Android_Location_V1.3.3.jar
java_class_path (initial): D:\Android\sdk\build-tools\23.0.2\lib\dx.jar
Launcher Type: SUN_STANDARD

Environment Variables:
JAVA_HOME=E:\Java\jdk1.8.0_65
CLASSPATH=E:\Java\jdk1.8.0_65\lib\dt.jar;E:\Java\jdk1.8.0_65\lib\tools.jar;
PATH=C:\ProgramData\Oracle\Java\javapath;C:\Program Files (x86)\Intel\iCLS Client\;C:\Program Files\Intel\iCLS Client\;C:\Windows\system32;C:\Windows;C:\Windows\System32\Wbem;C:\Windows\System32\WindowsPowerShell\v1.0\;C:\Program Files (x86)\Intel\Intel(R) Management Engine Components\DAL;C:\Program Files\Intel\Intel(R) Management Engine Components\DAL;C:\Program Files (x86)\Intel\Intel(R) Management Engine Components\IPT;C:\Program Files\Intel\Intel(R) Management Engine Components\IPT;C:\Program Files (x86)\NVIDIA Corporation\PhysX\Common;E:\Java\jdk1.8.0_65\bin;E:\Android\sdk\platform-tools;E:\Android\sdk\tools;c:\Program Files (x86)\Microsoft SQL Server\90\Tools\binn\
USERNAME=Administrator
OS=Windows_NT
PROCESSOR_IDENTIFIER=Intel64 Family 6 Model 61 Stepping 4, GenuineIntel



---------------  S Y S T E M  ---------------

OS: Windows 8.1 , 64 bit Build 9600 (6.3.9600.16656)

CPU:total 4 (2 cores per cpu, 2 threads per core) family 6 model 61 stepping 4, cmov, cx8, fxsr, mmx, sse, sse2, sse3, ssse3, sse4.1, sse4.2, popcnt, avx, avx2, aes, clmul, erms, 3dnowpref, lzcnt, ht, tsc, tscinvbit, bmi1, bmi2, adx

Memory: 4k page, physical 4106572k(454144k free), swap 4106572k(5032k free)

vm_info: Java HotSpot(TM) 64-Bit Server VM (25.65-b01) for windows-amd64 JRE (1.8.0_65-b17), built on Oct  6 2015 16:39:20 by "java_re" with MS VC++ 10.0 (VS2010)

time: Sun Nov 15 19:08:02 2015
elapsed time: 2 seconds (0d 0h 0m 2s)

