#
# There is insufficient memory for the Java Runtime Environment to continue.
# Native memory allocation (malloc) failed to allocate 2230576 bytes for Chunk::new
# Possible reasons:
#   The system is out of physical RAM or swap space
#   In 32 bit mode, the process size limit was hit
# Possible solutions:
#   Reduce memory load on the system
#   Increase physical memory or swap space
#   Check if swap backing store is full
#   Use 64 bit Java on a 64 bit OS
#   Decrease Java heap size (-Xmx/-Xms)
#   Decrease number of Java threads
#   Decrease Java thread stack sizes (-Xss)
#   Set larger code cache with -XX:ReservedCodeCacheSize=
# This output file may be truncated or incomplete.
#
#  Out of Memory Error (allocation.cpp:390), pid=4456, tid=5708
#
# JRE version: Java(TM) SE Runtime Environment (8.0_65-b17) (build 1.8.0_65-b17)
# Java VM: Java HotSpot(TM) 64-Bit Server VM (25.65-b01 mixed mode windows-amd64 compressed oops)
# Failed to write core dump. Minidumps are not enabled by default on client versions of Windows
#

---------------  T H R E A D  ---------------

Current thread (0x00000000150aa000):  JavaThread "C2 CompilerThread0" daemon [_thread_in_native, id=5708, stack(0x00000000165b0000,0x00000000166b0000)]

Stack: [0x00000000165b0000,0x00000000166b0000]
[error occurred during error reporting (printing stack bounds), id 0xc0000005]

Native frames: (J=compiled Java code, j=interpreted, Vv=VM code, C=native code)


Current CompileTask:
C2:   9111 1934   !   4       com.android.dx.cf.code.BytecodeArray::parseInstruction (2764 bytes)


---------------  P R O C E S S  ---------------

Java Threads: ( => current thread )
  0x00000000168d1000 JavaThread "pool-1-thread-3" [_thread_in_Java, id=504, stack(0x00000000171b0000,0x00000000172b0000)]
  0x0000000016874000 JavaThread "pool-2-thread-1" [_thread_blocked, id=3312, stack(0x0000000016fb0000,0x00000000170b0000)]
  0x000000001673a000 JavaThread "Service Thread" daemon [_thread_blocked, id=6388, stack(0x0000000016cb0000,0x0000000016db0000)]
  0x00000000166bd800 JavaThread "C1 CompilerThread2" daemon [_thread_blocked, id=6832, stack(0x0000000016bb0000,0x0000000016cb0000)]
  0x00000000150ac000 JavaThread "C2 CompilerThread1" daemon [_thread_in_native, id=2464, stack(0x0000000016ab0000,0x0000000016bb0000)]
=>0x00000000150aa000 JavaThread "C2 CompilerThread0" daemon [_thread_in_native, id=5708, stack(0x00000000165b0000,0x00000000166b0000)]
  0x000000001505e000 JavaThread "Attach Listener" daemon [_thread_blocked, id=6164, stack(0x00000000164b0000,0x00000000165b0000)]
  0x000000001505d000 JavaThread "Signal Dispatcher" daemon [_thread_blocked, id=1364, stack(0x00000000163b0000,0x00000000164b0000)]
  0x0000000002976000 JavaThread "Finalizer" daemon [_thread_blocked, id=4520, stack(0x00000000162b0000,0x00000000163b0000)]
  0x000000000296d000 JavaThread "Reference Handler" daemon [_thread_blocked, id=1396, stack(0x00000000161b0000,0x00000000162b0000)]
  0x0000000002880800 JavaThread "main" [_thread_blocked, id=4464, stack(0x0000000002780000,0x0000000002880000)]

Other Threads:
  0x0000000015018000 VMThread [stack: 0x00000000160b0000,0x00000000161b0000] [id=5036]
  0x000000001677c000 WatcherThread [stack: 0x0000000016db0000,0x0000000016eb0000] [id=5148]

VM state:not at safepoint (normal execution)

VM Mutex/Monitor currently owned by a thread: None

Heap:
 PSYoungGen      total 72704K, used 44360K [0x00000000eab00000, 0x00000000efc00000, 0x0000000100000000)
  eden space 64000K, 55% used [0x00000000eab00000,0x00000000ecdd6368,0x00000000ee980000)
  from space 8704K, 99% used [0x00000000ee980000,0x00000000ef1fbf28,0x00000000ef200000)
  to   space 7168K, 0% used [0x00000000ef200000,0x00000000ef200000,0x00000000ef900000)
 ParOldGen       total 44032K, used 20561K [0x00000000c0000000, 0x00000000c2b00000, 0x00000000eab00000)
  object space 44032K, 46% used [0x00000000c0000000,0x00000000c14147f8,0x00000000c2b00000)
 Metaspace       used 6373K, capacity 7192K, committed 7424K, reserved 1056768K
  class space    used 622K, capacity 656K, committed 768K, reserved 1048576K

Card table byte_map: [0x0000000011d40000,0x0000000011f50000] byte_map_base: 0x0000000011740000

Marking Bits: (ParMarkBitMap*) 0x000000006c85a5b0
 Begin Bits: [0x00000000124b0000, 0x00000000134b0000)
 End Bits:   [0x00000000134b0000, 0x00000000144b0000)

Polling page: 0x0000000000c10000

CodeCache: size=245760Kb used=8253Kb max_used=8253Kb free=237506Kb
 bounds [0x0000000002980000, 0x00000000031a0000, 0x0000000011980000]
 total_blobs=2088 nmethods=1817 adapters=183
 compilation: enabled

Compilation events (10 events):
Event: 9.072 Thread 0x00000000166bd800 2005       2       com.android.dx.dex.code.RopTranslator$TranslationVisitor::visitFillArrayDataInsn (126 bytes)
Event: 9.073 Thread 0x00000000166bd800 nmethod 2005 0x000000000317fa10 code [0x000000000317fc40, 0x0000000003180308]
Event: 9.074 Thread 0x00000000166bd800 2006       2       com.android.dx.dex.code.ArrayData::<init> (189 bytes)
Event: 9.074 Thread 0x00000000166bd800 nmethod 2006 0x000000000317f010 code [0x000000000317f1e0, 0x000000000317f768]
Event: 9.074 Thread 0x00000000166bd800 2007 %     3       com.android.dx.dex.cf.CfTranslator::translate0 @ 141 (259 bytes)
Event: 9.078 Thread 0x00000000166bd800 nmethod 2007% 0x000000000318c050 code [0x000000000318c4c0, 0x000000000318f278]
Event: 9.078 Thread 0x00000000166bd800 2010 %     3       java.util.DualPivotQuicksort::sort @ 185 (1195 bytes)
Event: 9.082 Thread 0x00000000166bd800 nmethod 2010% 0x0000000003190fd0 code [0x00000000031913a0, 0x00000000031935a8]
Event: 9.082 Thread 0x00000000166bd800 2008       2       java.util.concurrent.locks.ReentrantLock$FairSync::tryAcquire (74 bytes)
Event: 9.083 Thread 0x00000000166bd800 nmethod 2008 0x000000000317ead0 code [0x000000000317ec40, 0x000000000317ef18]

GC Heap History (10 events):
Event: 1.837 GC heap before
{Heap before GC invocations=3 (full 0):
 PSYoungGen      total 18944K, used 18925K [0x00000000eab00000, 0x00000000ed000000, 0x0000000100000000)
  eden space 16384K, 100% used [0x00000000eab00000,0x00000000ebb00000,0x00000000ebb00000)
  from space 2560K, 99% used [0x00000000ebd80000,0x00000000ebffb4c8,0x00000000ec000000)
  to   space 2560K, 0% used [0x00000000ebb00000,0x00000000ebb00000,0x00000000ebd80000)
 ParOldGen       total 44032K, used 3950K [0x00000000c0000000, 0x00000000c2b00000, 0x00000000eab00000)
  object space 44032K, 8% used [0x00000000c0000000,0x00000000c03db9a8,0x00000000c2b00000)
 Metaspace       used 6095K, capacity 6962K, committed 7040K, reserved 1056768K
  class space    used 599K, capacity 618K, committed 640K, reserved 1048576K
Event: 1.848 GC heap after
Heap after GC invocations=3 (full 0):
 PSYoungGen      total 18944K, used 2534K [0x00000000eab00000, 0x00000000ed000000, 0x0000000100000000)
  eden space 16384K, 0% used [0x00000000eab00000,0x00000000eab00000,0x00000000ebb00000)
  from space 2560K, 98% used [0x00000000ebb00000,0x00000000ebd79888,0x00000000ebd80000)
  to   space 2560K, 0% used [0x00000000ecd80000,0x00000000ecd80000,0x00000000ed000000)
 ParOldGen       total 44032K, used 6178K [0x00000000c0000000, 0x00000000c2b00000, 0x00000000eab00000)
  object space 44032K, 14% used [0x00000000c0000000,0x00000000c0608828,0x00000000c2b00000)
 Metaspace       used 6095K, capacity 6962K, committed 7040K, reserved 1056768K
  class space    used 599K, capacity 618K, committed 640K, reserved 1048576K
}
Event: 2.090 GC heap before
{Heap before GC invocations=4 (full 0):
 PSYoungGen      total 18944K, used 18918K [0x00000000eab00000, 0x00000000ed000000, 0x0000000100000000)
  eden space 16384K, 100% used [0x00000000eab00000,0x00000000ebb00000,0x00000000ebb00000)
  from space 2560K, 98% used [0x00000000ebb00000,0x00000000ebd79888,0x00000000ebd80000)
  to   space 2560K, 0% used [0x00000000ecd80000,0x00000000ecd80000,0x00000000ed000000)
 ParOldGen       total 44032K, used 6178K [0x00000000c0000000, 0x00000000c2b00000, 0x00000000eab00000)
  object space 44032K, 14% used [0x00000000c0000000,0x00000000c0608828,0x00000000c2b00000)
 Metaspace       used 6141K, capacity 7026K, committed 7296K, reserved 1056768K
  class space    used 600K, capacity 618K, committed 640K, reserved 1048576K
Event: 2.127 GC heap after
Heap after GC invocations=4 (full 0):
 PSYoungGen      total 35328K, used 2536K [0x00000000eab00000, 0x00000000ed000000, 0x0000000100000000)
  eden space 32768K, 0% used [0x00000000eab00000,0x00000000eab00000,0x00000000ecb00000)
  from space 2560K, 99% used [0x00000000ecd80000,0x00000000ecffa048,0x00000000ed000000)
  to   space 2560K, 0% used [0x00000000ecb00000,0x00000000ecb00000,0x00000000ecd80000)
 ParOldGen       total 44032K, used 9254K [0x00000000c0000000, 0x00000000c2b00000, 0x00000000eab00000)
  object space 44032K, 21% used [0x00000000c0000000,0x00000000c0909900,0x00000000c2b00000)
 Metaspace       used 6141K, capacity 7026K, committed 7296K, reserved 1056768K
  class space    used 600K, capacity 618K, committed 640K, reserved 1048576K
}
Event: 3.824 GC heap before
{Heap before GC invocations=5 (full 0):
 PSYoungGen      total 35328K, used 35304K [0x00000000eab00000, 0x00000000ed000000, 0x0000000100000000)
  eden space 32768K, 100% used [0x00000000eab00000,0x00000000ecb00000,0x00000000ecb00000)
  from space 2560K, 99% used [0x00000000ecd80000,0x00000000ecffa048,0x00000000ed000000)
  to   space 2560K, 0% used [0x00000000ecb00000,0x00000000ecb00000,0x00000000ecd80000)
 ParOldGen       total 44032K, used 9254K [0x00000000c0000000, 0x00000000c2b00000, 0x00000000eab00000)
  object space 44032K, 21% used [0x00000000c0000000,0x00000000c0909900,0x00000000c2b00000)
 Metaspace       used 6285K, capacity 7128K, committed 7424K, reserved 1056768K
  class space    used 621K, capacity 656K, committed 768K, reserved 1048576K
Event: 4.086 GC heap after
Heap after GC invocations=5 (full 0):
 PSYoungGen      total 35328K, used 2528K [0x00000000eab00000, 0x00000000ef900000, 0x0000000100000000)
  eden space 32768K, 0% used [0x00000000eab00000,0x00000000eab00000,0x00000000ecb00000)
  from space 2560K, 98% used [0x00000000ecb00000,0x00000000ecd78018,0x00000000ecd80000)
  to   space 7168K, 0% used [0x00000000ef200000,0x00000000ef200000,0x00000000ef900000)
 ParOldGen       total 44032K, used 13958K [0x00000000c0000000, 0x00000000c2b00000, 0x00000000eab00000)
  object space 44032K, 31% used [0x00000000c0000000,0x00000000c0da1ac8,0x00000000c2b00000)
 Metaspace       used 6285K, capacity 7128K, committed 7424K, reserved 1056768K
  class space    used 621K, capacity 656K, committed 768K, reserved 1048576K
}
Event: 5.007 GC heap before
{Heap before GC invocations=6 (full 0):
 PSYoungGen      total 35328K, used 35296K [0x00000000eab00000, 0x00000000ef900000, 0x0000000100000000)
  eden space 32768K, 100% used [0x00000000eab00000,0x00000000ecb00000,0x00000000ecb00000)
  from space 2560K, 98% used [0x00000000ecb00000,0x00000000ecd78018,0x00000000ecd80000)
  to   space 7168K, 0% used [0x00000000ef200000,0x00000000ef200000,0x00000000ef900000)
 ParOldGen       total 44032K, used 13958K [0x00000000c0000000, 0x00000000c2b00000, 0x00000000eab00000)
  object space 44032K, 31% used [0x00000000c0000000,0x00000000c0da1ac8,0x00000000c2b00000)
 Metaspace       used 6322K, capacity 7128K, committed 7424K, reserved 1056768K
  class space    used 621K, capacity 656K, committed 768K, reserved 1048576K
Event: 5.146 GC heap after
Heap after GC invocations=6 (full 0):
 PSYoungGen      total 71168K, used 7136K [0x00000000eab00000, 0x00000000efc00000, 0x0000000100000000)
  eden space 64000K, 0% used [0x00000000eab00000,0x00000000eab00000,0x00000000ee980000)
  from space 7168K, 99% used [0x00000000ef200000,0x00000000ef8f8018,0x00000000ef900000)
  to   space 8704K, 0% used [0x00000000ee980000,0x00000000ee980000,0x00000000ef200000)
 ParOldGen       total 44032K, used 15117K [0x00000000c0000000, 0x00000000c2b00000, 0x00000000eab00000)
  object space 44032K, 34% used [0x00000000c0000000,0x00000000c0ec37a0,0x00000000c2b00000)
 Metaspace       used 6322K, capacity 7128K, committed 7424K, reserved 1056768K
  class space    used 621K, capacity 656K, committed 768K, reserved 1048576K
}
Event: 8.565 GC heap before
{Heap before GC invocations=7 (full 0):
 PSYoungGen      total 71168K, used 71136K [0x00000000eab00000, 0x00000000efc00000, 0x0000000100000000)
  eden space 64000K, 100% used [0x00000000eab00000,0x00000000ee980000,0x00000000ee980000)
  from space 7168K, 99% used [0x00000000ef200000,0x00000000ef8f8018,0x00000000ef900000)
  to   space 8704K, 0% used [0x00000000ee980000,0x00000000ee980000,0x00000000ef200000)
 ParOldGen       total 44032K, used 15117K [0x00000000c0000000, 0x00000000c2b00000, 0x00000000eab00000)
  object space 44032K, 34% used [0x00000000c0000000,0x00000000c0ec37a0,0x00000000c2b00000)
 Metaspace       used 6365K, capacity 7128K, committed 7424K, reserved 1056768K
  class space    used 622K, capacity 656K, committed 768K, reserved 1048576K
Event: 8.887 GC heap after
Heap after GC invocations=7 (full 0):
 PSYoungGen      total 72704K, used 8687K [0x00000000eab00000, 0x00000000efc00000, 0x0000000100000000)
  eden space 64000K, 0% used [0x00000000eab00000,0x00000000eab00000,0x00000000ee980000)
  from space 8704K, 99% used [0x00000000ee980000,0x00000000ef1fbf28,0x00000000ef200000)
  to   space 7168K, 0% used [0x00000000ef200000,0x00000000ef200000,0x00000000ef900000)
 ParOldGen       total 44032K, used 20561K [0x00000000c0000000, 0x00000000c2b00000, 0x00000000eab00000)
  object space 44032K, 46% used [0x00000000c0000000,0x00000000c14147f8,0x00000000c2b00000)
 Metaspace       used 6365K, capacity 7128K, committed 7424K, reserved 1056768K
  class space    used 622K, capacity 656K, committed 768K, reserved 1048576K
}

Deoptimization events (10 events):
Event: 3.699 Thread 0x0000000016875000 Uncommon trap: reason=unstable_if action=reinterpret pc=0x0000000002e3f684 method=java.util.HashMap.getNode(ILjava/lang/Object;)Ljava/util/HashMap$Node; @ 84
Event: 3.742 Thread 0x00000000168d2800 Uncommon trap: reason=unstable_if action=reinterpret pc=0x0000000002c10480 method=com.android.dx.rop.code.RegisterSpecSet.<init>(I)V @ 2
Event: 3.784 Thread 0x00000000168d1000 Uncommon trap: reason=unstable_if action=reinterpret pc=0x0000000002f1df24 method=java.util.HashMap.getNode(ILjava/lang/Object;)Ljava/util/HashMap$Node; @ 84
Event: 4.982 Thread 0x00000000168d1000 Uncommon trap: reason=unstable_if action=reinterpret pc=0x0000000002fc15c4 method=com.android.dx.cf.code.Merger.mergeLocals(Lcom/android/dx/cf/code/OneLocalsArray;Lcom/android/dx/cf/code/OneLocalsArray;)Lcom/android/dx/cf/code/OneLocalsArray; @ 2
Event: 5.637 Thread 0x00000000168d1000 Uncommon trap: reason=unstable_if action=reinterpret pc=0x0000000003080940 method=java.util.HashMap.putVal(ILjava/lang/Object;Ljava/lang/Object;ZZ)Ljava/lang/Object; @ 109
Event: 7.834 Thread 0x0000000002880800 Uncommon trap: reason=bimorphic action=maybe_recompile pc=0x00000000030d2404 method=com.android.dx.cf.code.BytecodeArray.parseInstruction(ILcom/android/dx/cf/code/BytecodeArray$Visitor;)I @ 1447
Event: 7.835 Thread 0x0000000002880800 Uncommon trap: reason=bimorphic action=maybe_recompile pc=0x00000000030d2404 method=com.android.dx.cf.code.BytecodeArray.parseInstruction(ILcom/android/dx/cf/code/BytecodeArray$Visitor;)I @ 1447
Event: 7.844 Thread 0x0000000002880800 Uncommon trap: reason=bimorphic action=maybe_recompile pc=0x00000000030d2404 method=com.android.dx.cf.code.BytecodeArray.parseInstruction(ILcom/android/dx/cf/code/BytecodeArray$Visitor;)I @ 1447
Event: 7.844 Thread 0x0000000002880800 Uncommon trap: reason=bimorphic action=maybe_recompile pc=0x00000000030d2404 method=com.android.dx.cf.code.BytecodeArray.parseInstruction(ILcom/android/dx/cf/code/BytecodeArray$Visitor;)I @ 1447
Event: 7.901 Thread 0x00000000168d1000 Uncommon trap: reason=unstable_if action=reinterpret pc=0x0000000002ff3f74 method=com.android.dx.rop.code.BasicBlockList.preferredSuccessorOf(Lcom/android/dx/rop/code/BasicBlock;)Lcom/android/dx/rop/code/BasicBlock; @ 58

Internal exceptions (5 events):
Event: 0.080 Thread 0x0000000002880800 Exception <a 'java/lang/NoSuchMethodError': Method sun.misc.Unsafe.defineClass(Ljava/lang/String;[BII)Ljava/lang/Class; name or signature does not match> (0x00000000eab12cd8) thrown at [C:\workspace\8-2-build-windows-amd64-cygwin\jdk8u65\4987\hotspot\src\sÂ4Á×Ž´?
Event: 0.080 Thread 0x0000000002880800 Exception <a 'java/lang/NoSuchMethodError': Method sun.misc.Unsafe.prefetchRead(Ljava/lang/Object;J)V name or signature does not match> (0x00000000eab12fc0) thrown at [C:\workspace\8-2-build-windows-amd64-cygwin\jdk8u65\4987\hotspot\src\share\vm\prims\jni.ä¾µGž’@
Event: 3.697 Thread 0x0000000016875000 Exception <a 'java/lang/ArrayIndexOutOfBoundsException': 18> (0x00000000ebe4cf98) thrown at [C:\workspace\8-2-build-windows-amd64-cygwin\jdk8u65\4987\hotspot\src\share\vm\interpreter\interpreterRuntime.cpp, line 366]
Event: 3.697 Thread 0x0000000016875000 Exception <a 'java/lang/ArrayIndexOutOfBoundsException'> (0x00000000ebe4eb18) thrown at [C:\workspace\8-2-build-windows-amd64-cygwin\jdk8u65\4987\hotspot\src\share\vm\runtime\sharedRuntime.cpp, line 605]
Event: 3.698 Thread 0x0000000016875000 Exception <a 'java/lang/ArrayIndexOutOfBoundsException'> (0x00000000ebe4fe00) thrown at [C:\workspace\8-2-build-windows-amd64-cygwin\jdk8u65\4987\hotspot\src\share\vm\runtime\sharedRuntime.cpp, line 605]

Events (10 events):
Event: 8.945 Thread 0x00000000168d1000 DEOPT PACKING pc=0x0000000002df1401 sp=0x00000000172aeb30
Event: 8.945 Thread 0x00000000168d1000 DEOPT UNPACKING pc=0x00000000029c787f sp=0x00000000172ae960 mode 0
Event: 8.983 Thread 0x0000000016875000 DEOPT PACKING pc=0x0000000002d9b9b1 sp=0x00000000171aea10
Event: 8.983 Thread 0x0000000016875000 DEOPT UNPACKING pc=0x00000000029c787f sp=0x00000000171ae7a0 mode 0
Event: 9.004 Thread 0x0000000016876800 Thread exited: 0x0000000016876800
Event: 9.015 Thread 0x00000000168d1000 DEOPT PACKING pc=0x0000000002ee170a sp=0x00000000172aea40
Event: 9.015 Thread 0x00000000168d1000 DEOPT UNPACKING pc=0x00000000029c787f sp=0x00000000172ae7c8 mode 0
Event: 9.040 Thread 0x00000000168d1000 DEOPT PACKING pc=0x0000000002ed09ee sp=0x00000000172ae9c0
Event: 9.040 Thread 0x00000000168d1000 DEOPT UNPACKING pc=0x00000000029c787f sp=0x00000000172ae760 mode 0
Event: 9.074 Thread 0x0000000016875000 Thread exited: 0x0000000016875000


Dynamic libraries:
0x00007ff66ca50000 - 0x00007ff66ca87000 	E:\Java\jdk1.8.0_65\bin\java.exe
0x00007ffde01f0000 - 0x00007ffde0399000 	C:\Windows\SYSTEM32\ntdll.dll
0x00007ffdddff0000 - 0x00007ffdde129000 	C:\Windows\system32\KERNEL32.DLL
0x00007ffddd920000 - 0x00007ffddda2e000 	C:\Windows\system32\KERNELBASE.dll
0x00007ffdddda0000 - 0x00007ffddde45000 	C:\Windows\system32\ADVAPI32.dll
0x00007ffdde130000 - 0x00007ffdde2a1000 	C:\Windows\system32\USER32.dll
0x00007ffddb3c0000 - 0x00007ffddb61a000 	C:\Windows\WinSxS\amd64_microsoft.windows.common-controls_6595b64144ccf1df_6.0.9600.16384_none_62475f7becb72503\COMCTL32.dll
0x00007ffdddc80000 - 0x00007ffdddd27000 	C:\Windows\system32\msvcrt.dll
0x00007ffdde370000 - 0x00007ffdde3c7000 	C:\Windows\SYSTEM32\sechost.dll
0x00007ffdde3d0000 - 0x00007ffdde506000 	C:\Windows\system32\RPCRT4.dll
0x00007ffdde800000 - 0x00007ffdde945000 	C:\Windows\system32\GDI32.dll
0x00007ffdde760000 - 0x00007ffdde794000 	C:\Windows\system32\IMM32.DLL
0x00007ffdde950000 - 0x00007ffddea89000 	C:\Windows\system32\MSCTF.dll
0x000000006d190000 - 0x000000006d262000 	E:\Java\jdk1.8.0_65\jre\bin\msvcr100.dll
0x000000006c050000 - 0x000000006c8d9000 	E:\Java\jdk1.8.0_65\jre\bin\server\jvm.dll
0x00007ffdd5e10000 - 0x00007ffdd5e19000 	C:\Windows\SYSTEM32\WSOCK32.dll
0x00007ffdd5f80000 - 0x00007ffdd5f9f000 	C:\Windows\SYSTEM32\WINMM.dll
0x00007ffdd41a0000 - 0x00007ffdd41aa000 	C:\Windows\SYSTEM32\VERSION.dll
0x00007ffdde750000 - 0x00007ffdde757000 	C:\Windows\system32\PSAPI.DLL
0x00007ffdddd40000 - 0x00007ffdddd98000 	C:\Windows\system32\WS2_32.dll
0x00007ffdd5f50000 - 0x00007ffdd5f7a000 	C:\Windows\SYSTEM32\WINMMBASE.dll
0x00007ffdddd30000 - 0x00007ffdddd39000 	C:\Windows\system32\NSI.dll
0x00007ffddda30000 - 0x00007ffddda7a000 	C:\Windows\SYSTEM32\cfgmgr32.dll
0x00007ffddc420000 - 0x00007ffddc446000 	C:\Windows\SYSTEM32\DEVOBJ.dll
0x000000006d780000 - 0x000000006d78f000 	E:\Java\jdk1.8.0_65\jre\bin\verify.dll
0x000000006d750000 - 0x000000006d779000 	E:\Java\jdk1.8.0_65\jre\bin\java.dll
0x000000006d730000 - 0x000000006d746000 	E:\Java\jdk1.8.0_65\jre\bin\zip.dll
0x00007ffddede0000 - 0x00007ffde01ed000 	C:\Windows\system32\SHELL32.dll
0x00007ffddec00000 - 0x00007ffddedd7000 	C:\Windows\SYSTEM32\combase.dll
0x00007ffdde7a0000 - 0x00007ffdde7f1000 	C:\Windows\system32\SHLWAPI.dll
0x00007ffddbbc0000 - 0x00007ffddbc61000 	C:\Windows\SYSTEM32\SHCORE.dll
0x00007ffddd570000 - 0x00007ffddd584000 	C:\Windows\SYSTEM32\profapi.dll

VM Arguments:
jvm_args: -Xmx1024M -Dfile.encoding=GBK -Duser.country=CN -Duser.language=zh -Duser.variant 
java_command: com.android.dx.command.Main --dex --num-threads=4 --output D:\AndroidStudioProjects\gaodedemo\app\build\intermediates\pre-dexed\debug\Android_Location_V1.3.3-9e2ce671292f96af9185fb94149d53c8fefdf5ad.jar D:\AndroidStudioProjects\gaodedemo\app\libs\Android_Location_V1.3.3.jar
java_class_path (initial): D:\Android\sdk\build-tools\23.0.2\lib\dx.jar
Launcher Type: SUN_STANDARD

Environment Variables:
JAVA_HOME=E:\Java\jdk1.8.0_65
CLASSPATH=E:\Java\jdk1.8.0_65\lib\dt.jar;E:\Java\jdk1.8.0_65\lib\tools.jar;
PATH=C:\ProgramData\Oracle\Java\javapath;C:\Program Files (x86)\Intel\iCLS Client\;C:\Program Files\Intel\iCLS Client\;C:\Windows\system32;C:\Windows;C:\Windows\System32\Wbem;C:\Windows\System32\WindowsPowerShell\v1.0\;C:\Program Files (x86)\Intel\Intel(R) Management Engine Components\DAL;C:\Program Files\Intel\Intel(R) Management Engine Components\DAL;C:\Program Files (x86)\Intel\Intel(R) Management Engine Components\IPT;C:\Program Files\Intel\Intel(R) Management Engine Components\IPT;C:\Program Files (x86)\NVIDIA Corporation\PhysX\Common;E:\Java\jdk1.8.0_65\bin;E:\Android\sdk\platform-tools;E:\Android\sdk\tools;c:\Program Files (x86)\Microsoft SQL Server\90\Tools\binn\
USERNAME=Administrator
OS=Windows_NT
PROCESSOR_IDENTIFIER=Intel64 Family 6 Model 61 Stepping 4, GenuineIntel



---------------  S Y S T E M  ---------------

OS: Windows 8.1 , 64 bit Build 9600 (6.3.9600.16656)

CPU:total 4 (2 cores per cpu, 2 threads per core) family 6 model 61 stepping 4, cmov, cx8, fxsr, mmx, sse, sse2, sse3, ssse3, sse4.1, sse4.2, popcnt, avx, avx2, aes, clmul, erms, 3dnowpref, lzcnt, ht, tsc, tscinvbit, bmi1, bmi2, adx

Memory: 4k page, physical 4106572k(370052k free), swap 4106572k(5600k free)

vm_info: Java HotSpot(TM) 64-Bit Server VM (25.65-b01) for windows-amd64 JRE (1.8.0_65-b17), built on Oct  6 2015 16:39:20 by "java_re" with MS VC++ 10.0 (VS2010)

time: Sun Nov 15 19:09:04 2015
elapsed time: 9 seconds (0d 0h 0m 9s)

