#
# There is insufficient memory for the Java Runtime Environment to continue.
# Native memory allocation (malloc) failed to allocate 1327440 bytes for Chunk::new
# Possible reasons:
#   The system is out of physical RAM or swap space
#   In 32 bit mode, the process size limit was hit
# Possible solutions:
#   Reduce memory load on the system
#   Increase physical memory or swap space
#   Check if swap backing store is full
#   Use 64 bit Java on a 64 bit OS
#   Decrease Java heap size (-Xmx/-Xms)
#   Decrease number of Java threads
#   Decrease Java thread stack sizes (-Xss)
#   Set larger code cache with -XX:ReservedCodeCacheSize=
# This output file may be truncated or incomplete.
#
#  Out of Memory Error (allocation.cpp:390), pid=6836, tid=3136
#
# JRE version: Java(TM) SE Runtime Environment (8.0_65-b17) (build 1.8.0_65-b17)
# Java VM: Java HotSpot(TM) 64-Bit Server VM (25.65-b01 mixed mode windows-amd64 compressed oops)
# Failed to write core dump. Minidumps are not enabled by default on client versions of Windows
#

---------------  T H R E A D  ---------------

Current thread (0x0000000014a2c000):  JavaThread "C2 CompilerThread1" daemon [_thread_in_native, id=3136, stack(0x0000000016020000,0x0000000016120000)]

Stack: [0x0000000016020000,0x0000000016120000]
[error occurred during error reporting (printing stack bounds), id 0xc0000005]

Native frames: (J=compiled Java code, j=interpreted, Vv=VM code, C=native code)


Current CompileTask:
C2:   1956 1111   !   4       com.android.dx.cf.code.BytecodeArray::parseInstruction (2764 bytes)


---------------  P R O C E S S  ---------------

Java Threads: ( => current thread )
  0x00000000163af800 JavaThread "pool-1-thread-4" [_thread_in_Java, id=3084, stack(0x0000000016c20000,0x0000000016d20000)]
  0x00000000163af000 JavaThread "pool-1-thread-3" [_thread_in_Java, id=5028, stack(0x0000000016b20000,0x0000000016c20000)]
  0x00000000163ae000 JavaThread "pool-1-thread-2" [_thread_blocked, id=2788, stack(0x0000000016a20000,0x0000000016b20000)]
  0x00000000163a6800 JavaThread "pool-2-thread-1" [_thread_blocked, id=1276, stack(0x0000000016920000,0x0000000016a20000)]
  0x000000001639b800 JavaThread "pool-1-thread-1" [_thread_in_Java, id=3280, stack(0x0000000016820000,0x0000000016920000)]
  0x000000001617f800 JavaThread "Service Thread" daemon [_thread_blocked, id=280, stack(0x0000000016620000,0x0000000016720000)]
  0x0000000016179800 JavaThread "C1 CompilerThread2" daemon [_thread_blocked, id=4776, stack(0x0000000016520000,0x0000000016620000)]
=>0x0000000014a2c000 JavaThread "C2 CompilerThread1" daemon [_thread_in_native, id=3136, stack(0x0000000016020000,0x0000000016120000)]
  0x0000000014a2a000 JavaThread "C2 CompilerThread0" daemon [_thread_in_native, id=5900, stack(0x0000000015f20000,0x0000000016020000)]
  0x00000000149de000 JavaThread "Attach Listener" daemon [_thread_blocked, id=2604, stack(0x0000000015e20000,0x0000000015f20000)]
  0x00000000149dd000 JavaThread "Signal Dispatcher" daemon [_thread_blocked, id=7140, stack(0x0000000015d20000,0x0000000015e20000)]
  0x0000000002231800 JavaThread "Finalizer" daemon [_thread_blocked, id=5284, stack(0x0000000015c20000,0x0000000015d20000)]
  0x000000000222e800 JavaThread "Reference Handler" daemon [_thread_blocked, id=2108, stack(0x0000000015b20000,0x0000000015c20000)]
  0x0000000002140800 JavaThread "main" [_thread_in_Java, id=2100, stack(0x0000000001d10000,0x0000000001e10000)]

Other Threads:
  0x0000000014997000 VMThread [stack: 0x0000000015a20000,0x0000000015b20000] [id=7148]
  0x00000000161de800 WatcherThread [stack: 0x0000000016720000,0x0000000016820000] [id=400]

VM state:not at safepoint (normal execution)

VM Mutex/Monitor currently owned by a thread: None

Heap:
 PSYoungGen      total 18944K, used 13889K [0x00000000eab00000, 0x00000000ed000000, 0x0000000100000000)
  eden space 16384K, 69% used [0x00000000eab00000,0x00000000eb612418,0x00000000ebb00000)
  from space 2560K, 99% used [0x00000000ebd80000,0x00000000ebffe030,0x00000000ec000000)
  to   space 2560K, 0% used [0x00000000ebb00000,0x00000000ebb00000,0x00000000ebd80000)
 ParOldGen       total 44032K, used 3892K [0x00000000c0000000, 0x00000000c2b00000, 0x00000000eab00000)
  object space 44032K, 8% used [0x00000000c0000000,0x00000000c03cd3f8,0x00000000c2b00000)
 Metaspace       used 6037K, capacity 6898K, committed 7040K, reserved 1056768K
  class space    used 597K, capacity 618K, committed 640K, reserved 1048576K

Card table byte_map: [0x00000000116c0000,0x00000000118d0000] byte_map_base: 0x00000000110c0000

Marking Bits: (ParMarkBitMap*) 0x000000006c85a5b0
 Begin Bits: [0x0000000011e30000, 0x0000000012e30000)
 End Bits:   [0x0000000012e30000, 0x0000000013e30000)

Polling page: 0x00000000004c0000

CodeCache: size=245760Kb used=4697Kb max_used=4711Kb free=241062Kb
 bounds [0x0000000002300000, 0x00000000027a0000, 0x0000000011300000]
 total_blobs=1481 nmethods=1211 adapters=183
 compilation: enabled

Compilation events (10 events):
Event: 1.755 Thread 0x0000000016179800 1172       1       com.android.dx.cf.code.Ropper$ExceptionHandlerSetup::getCaughtType (5 bytes)
Event: 1.755 Thread 0x0000000016179800 nmethod 1172 0x0000000002793550 code [0x00000000027936a0, 0x00000000027937b0]
Event: 1.755 Thread 0x0000000016179800 1220       3       com.android.dx.ssa.PhiTypeResolver::run (179 bytes)
Event: 1.755 Thread 0x0000000014a2a000 nmethod 1139 0x0000000002793110 code [0x0000000002793260, 0x0000000002793358]
Event: 1.755 Thread 0x0000000014a2a000 1219       4       com.android.dx.ssa.SCCP::addBlockToWorklist (47 bytes)
Event: 1.756 Thread 0x0000000016179800 nmethod 1220 0x0000000002796590 code [0x0000000002796820, 0x0000000002797968]
Event: 1.756 Thread 0x0000000016179800 1221       3       com.android.dx.ssa.back.LivenessAnalyzer::coInterferePhis (128 bytes)
Event: 1.758 Thread 0x0000000016179800 nmethod 1221 0x0000000002798190 code [0x0000000002798420, 0x00000000027996d8]
Event: 1.780 Thread 0x0000000014a2a000 nmethod 1219 0x000000000279d710 code [0x000000000279d8a0, 0x000000000279e2b8]
Event: 1.780 Thread 0x0000000014a2a000 1226       4       com.android.dx.ssa.SCCP::simulateBranch (666 bytes)

GC Heap History (4 events):
Event: 1.107 GC heap before
{Heap before GC invocations=1 (full 0):
 PSYoungGen      total 18944K, used 16384K [0x00000000eab00000, 0x00000000ec000000, 0x0000000100000000)
  eden space 16384K, 100% used [0x00000000eab00000,0x00000000ebb00000,0x00000000ebb00000)
  from space 2560K, 0% used [0x00000000ebd80000,0x00000000ebd80000,0x00000000ec000000)
  to   space 2560K, 0% used [0x00000000ebb00000,0x00000000ebb00000,0x00000000ebd80000)
 ParOldGen       total 44032K, used 0K [0x00000000c0000000, 0x00000000c2b00000, 0x00000000eab00000)
  object space 44032K, 0% used [0x00000000c0000000,0x00000000c0000000,0x00000000c2b00000)
 Metaspace       used 5693K, capacity 6640K, committed 6784K, reserved 1056768K
  class space    used 591K, capacity 616K, committed 640K, reserved 1048576K
Event: 1.114 GC heap after
Heap after GC invocations=1 (full 0):
 PSYoungGen      total 18944K, used 2535K [0x00000000eab00000, 0x00000000ec000000, 0x0000000100000000)
  eden space 16384K, 0% used [0x00000000eab00000,0x00000000eab00000,0x00000000ebb00000)
  from space 2560K, 99% used [0x00000000ebb00000,0x00000000ebd79c80,0x00000000ebd80000)
  to   space 2560K, 0% used [0x00000000ebd80000,0x00000000ebd80000,0x00000000ec000000)
 ParOldGen       total 44032K, used 1812K [0x00000000c0000000, 0x00000000c2b00000, 0x00000000eab00000)
  object space 44032K, 4% used [0x00000000c0000000,0x00000000c01c51d0,0x00000000c2b00000)
 Metaspace       used 5693K, capacity 6640K, committed 6784K, reserved 1056768K
  class space    used 591K, capacity 616K, committed 640K, reserved 1048576K
}
Event: 1.504 GC heap before
{Heap before GC invocations=2 (full 0):
 PSYoungGen      total 18944K, used 18919K [0x00000000eab00000, 0x00000000ec000000, 0x0000000100000000)
  eden space 16384K, 100% used [0x00000000eab00000,0x00000000ebb00000,0x00000000ebb00000)
  from space 2560K, 99% used [0x00000000ebb00000,0x00000000ebd79c80,0x00000000ebd80000)
  to   space 2560K, 0% used [0x00000000ebd80000,0x00000000ebd80000,0x00000000ec000000)
 ParOldGen       total 44032K, used 1812K [0x00000000c0000000, 0x00000000c2b00000, 0x00000000eab00000)
  object space 44032K, 4% used [0x00000000c0000000,0x00000000c01c51d0,0x00000000c2b00000)
 Metaspace       used 5941K, capacity 6834K, committed 7040K, reserved 1056768K
  class space    used 594K, capacity 618K, committed 640K, reserved 1048576K
Event: 1.624 GC heap after
Heap after GC invocations=2 (full 0):
 PSYoungGen      total 18944K, used 2552K [0x00000000eab00000, 0x00000000ed000000, 0x0000000100000000)
  eden space 16384K, 0% used [0x00000000eab00000,0x00000000eab00000,0x00000000ebb00000)
  from space 2560K, 99% used [0x00000000ebd80000,0x00000000ebffe030,0x00000000ec000000)
  to   space 2560K, 0% used [0x00000000ebb00000,0x00000000ebb00000,0x00000000ebd80000)
 ParOldGen       total 44032K, used 3892K [0x00000000c0000000, 0x00000000c2b00000, 0x00000000eab00000)
  object space 44032K, 8% used [0x00000000c0000000,0x00000000c03cd3f8,0x00000000c2b00000)
 Metaspace       used 5941K, capacity 6834K, committed 7040K, reserved 1056768K
  class space    used 594K, capacity 618K, committed 640K, reserved 1048576K
}

Deoptimization events (9 events):
Event: 0.902 Thread 0x0000000002140800 Uncommon trap: reason=unstable_if action=reinterpret pc=0x00000000024ecce8 method=java.lang.String.<init>([CII)V @ 18
Event: 0.907 Thread 0x0000000002140800 Uncommon trap: reason=unstable_if action=reinterpret pc=0x0000000002520f64 method=java.util.HashMap.getNode(ILjava/lang/Object;)Ljava/util/HashMap$Node; @ 62
Event: 0.926 Thread 0x00000000163af800 Uncommon trap: reason=unstable_if action=reinterpret pc=0x00000000025284b0 method=java.util.BitSet.nextSetBit(I)I @ 87
Event: 1.637 Thread 0x000000001639b800 Uncommon trap: reason=unstable_if action=reinterpret pc=0x000000000266b3fc method=com.android.dx.util.IntList.binarysearch(I)I @ 105
Event: 1.644 Thread 0x000000001639b800 Uncommon trap: reason=bimorphic action=maybe_recompile pc=0x000000000253cffc method=java.util.HashMap.getNode(ILjava/lang/Object;)Ljava/util/HashMap$Node; @ 126
Event: 1.644 Thread 0x000000001639b800 Uncommon trap: reason=bimorphic action=maybe_recompile pc=0x000000000253cffc method=java.util.HashMap.getNode(ILjava/lang/Object;)Ljava/util/HashMap$Node; @ 126
Event: 1.644 Thread 0x000000001639b800 Uncommon trap: reason=bimorphic action=maybe_recompile pc=0x000000000253cffc method=java.util.HashMap.getNode(ILjava/lang/Object;)Ljava/util/HashMap$Node; @ 126
Event: 1.644 Thread 0x000000001639b800 Uncommon trap: reason=bimorphic action=maybe_recompile pc=0x000000000253cffc method=java.util.HashMap.getNode(ILjava/lang/Object;)Ljava/util/HashMap$Node; @ 126
Event: 1.644 Thread 0x000000001639b800 Uncommon trap: reason=bimorphic action=maybe_recompile pc=0x000000000257f820 method=java.util.HashMap.getNode(ILjava/lang/Object;)Ljava/util/HashMap$Node; @ 126

Internal exceptions (2 events):
Event: 0.092 Thread 0x0000000002140800 Exception <a 'java/lang/NoSuchMethodError': Method sun.misc.Unsafe.defineClass(Ljava/lang/String;[BII)Ljava/lang/Class; name or signature does not match> (0x00000000eab13018) thrown at [C:\workspace\8-2-build-windows-amd64-cygwin\jdk8u65\4987\hotspot\src\sÜkPÇ”·?
Event: 0.092 Thread 0x0000000002140800 Exception <a 'java/lang/NoSuchMethodError': Method sun.misc.Unsafe.prefetchRead(Ljava/lang/Object;J)V name or signature does not match> (0x00000000eab13300) thrown at [C:\workspace\8-2-build-windows-amd64-cygwin\jdk8u65\4987\hotspot\src\share\vm\prims\jni.

Events (10 events):
Event: 1.644 Thread 0x000000001639b800 DEOPT PACKING pc=0x000000000253cffc sp=0x000000001691ea20
Event: 1.644 Thread 0x000000001639b800 DEOPT UNPACKING pc=0x000000000234582a sp=0x000000001691e948 mode 2
Event: 1.644 Thread 0x000000001639b800 Uncommon trap: trap_request=0xffffffc6 fr.pc=0x000000000253cffc
Event: 1.644 Thread 0x000000001639b800 DEOPT PACKING pc=0x000000000253cffc sp=0x000000001691ea20
Event: 1.644 Thread 0x000000001639b800 DEOPT UNPACKING pc=0x000000000234582a sp=0x000000001691e948 mode 2
Event: 1.644 Thread 0x000000001639b800 Uncommon trap: trap_request=0xffffffc6 fr.pc=0x000000000257f820
Event: 1.644 Thread 0x000000001639b800 DEOPT PACKING pc=0x000000000257f820 sp=0x000000001691e9b0
Event: 1.644 Thread 0x000000001639b800 DEOPT UNPACKING pc=0x000000000234582a sp=0x000000001691e948 mode 2
Event: 1.726 Thread 0x0000000002140800 DEOPT PACKING pc=0x000000000266fe30 sp=0x0000000001e0e610
Event: 1.726 Thread 0x0000000002140800 DEOPT UNPACKING pc=0x000000000234787f sp=0x0000000001e0e3d8 mode 0


Dynamic libraries:
0x00007ff66ca50000 - 0x00007ff66ca87000 	E:\Java\jdk1.8.0_65\bin\java.exe
0x00007ffde01f0000 - 0x00007ffde0399000 	C:\Windows\SYSTEM32\ntdll.dll
0x00007ffdddff0000 - 0x00007ffdde129000 	C:\Windows\system32\KERNEL32.DLL
0x00007ffddd920000 - 0x00007ffddda2e000 	C:\Windows\system32\KERNELBASE.dll
0x00007ffdddda0000 - 0x00007ffddde45000 	C:\Windows\system32\ADVAPI32.dll
0x00007ffdde130000 - 0x00007ffdde2a1000 	C:\Windows\system32\USER32.dll
0x00007ffddb3c0000 - 0x00007ffddb61a000 	C:\Windows\WinSxS\amd64_microsoft.windows.common-controls_6595b64144ccf1df_6.0.9600.16384_none_62475f7becb72503\COMCTL32.dll
0x00007ffdddc80000 - 0x00007ffdddd27000 	C:\Windows\system32\msvcrt.dll
0x00007ffdde370000 - 0x00007ffdde3c7000 	C:\Windows\SYSTEM32\sechost.dll
0x00007ffdde3d0000 - 0x00007ffdde506000 	C:\Windows\system32\RPCRT4.dll
0x00007ffdde800000 - 0x00007ffdde945000 	C:\Windows\system32\GDI32.dll
0x00007ffdde760000 - 0x00007ffdde794000 	C:\Windows\system32\IMM32.DLL
0x00007ffdde950000 - 0x00007ffddea89000 	C:\Windows\system32\MSCTF.dll
0x000000006d190000 - 0x000000006d262000 	E:\Java\jdk1.8.0_65\jre\bin\msvcr100.dll
0x000000006c050000 - 0x000000006c8d9000 	E:\Java\jdk1.8.0_65\jre\bin\server\jvm.dll
0x00007ffdd5e10000 - 0x00007ffdd5e19000 	C:\Windows\SYSTEM32\WSOCK32.dll
0x00007ffdd5f80000 - 0x00007ffdd5f9f000 	C:\Windows\SYSTEM32\WINMM.dll
0x00007ffdd41a0000 - 0x00007ffdd41aa000 	C:\Windows\SYSTEM32\VERSION.dll
0x00007ffdde750000 - 0x00007ffdde757000 	C:\Windows\system32\PSAPI.DLL
0x00007ffdddd40000 - 0x00007ffdddd98000 	C:\Windows\system32\WS2_32.dll
0x00007ffdd5f50000 - 0x00007ffdd5f7a000 	C:\Windows\SYSTEM32\WINMMBASE.dll
0x00007ffdddd30000 - 0x00007ffdddd39000 	C:\Windows\system32\NSI.dll
0x00007ffddda30000 - 0x00007ffddda7a000 	C:\Windows\SYSTEM32\cfgmgr32.dll
0x00007ffddc420000 - 0x00007ffddc446000 	C:\Windows\SYSTEM32\DEVOBJ.dll
0x000000006d780000 - 0x000000006d78f000 	E:\Java\jdk1.8.0_65\jre\bin\verify.dll
0x000000006d750000 - 0x000000006d779000 	E:\Java\jdk1.8.0_65\jre\bin\java.dll
0x000000006d730000 - 0x000000006d746000 	E:\Java\jdk1.8.0_65\jre\bin\zip.dll
0x00007ffddede0000 - 0x00007ffde01ed000 	C:\Windows\system32\SHELL32.dll
0x00007ffddec00000 - 0x00007ffddedd7000 	C:\Windows\SYSTEM32\combase.dll
0x00007ffdde7a0000 - 0x00007ffdde7f1000 	C:\Windows\system32\SHLWAPI.dll
0x00007ffddbbc0000 - 0x00007ffddbc61000 	C:\Windows\SYSTEM32\SHCORE.dll
0x00007ffddd570000 - 0x00007ffddd584000 	C:\Windows\SYSTEM32\profapi.dll

VM Arguments:
jvm_args: -Xmx1024M -Dfile.encoding=GBK -Duser.country=CN -Duser.language=zh -Duser.variant 
java_command: com.android.dx.command.Main --dex --num-threads=4 --output D:\AndroidStudioProjects\gaodedemo\app\build\intermediates\pre-dexed\debug\AMap_Services_V2.5.0-0d48e2cbeb6fb26f9c831564822775c7d2257b6a.jar D:\AndroidStudioProjects\gaodedemo\app\libs\AMap_Services_V2.5.0.jar
java_class_path (initial): D:\Android\sdk\build-tools\23.0.2\lib\dx.jar
Launcher Type: SUN_STANDARD

Environment Variables:
JAVA_HOME=E:\Java\jdk1.8.0_65
CLASSPATH=E:\Java\jdk1.8.0_65\lib\dt.jar;E:\Java\jdk1.8.0_65\lib\tools.jar;
PATH=C:\ProgramData\Oracle\Java\javapath;C:\Program Files (x86)\Intel\iCLS Client\;C:\Program Files\Intel\iCLS Client\;C:\Windows\system32;C:\Windows;C:\Windows\System32\Wbem;C:\Windows\System32\WindowsPowerShell\v1.0\;C:\Program Files (x86)\Intel\Intel(R) Management Engine Components\DAL;C:\Program Files\Intel\Intel(R) Management Engine Components\DAL;C:\Program Files (x86)\Intel\Intel(R) Management Engine Components\IPT;C:\Program Files\Intel\Intel(R) Management Engine Components\IPT;C:\Program Files (x86)\NVIDIA Corporation\PhysX\Common;E:\Java\jdk1.8.0_65\bin;E:\Android\sdk\platform-tools;E:\Android\sdk\tools;c:\Program Files (x86)\Microsoft SQL Server\90\Tools\binn\
USERNAME=Administrator
OS=Windows_NT
PROCESSOR_IDENTIFIER=Intel64 Family 6 Model 61 Stepping 4, GenuineIntel



---------------  S Y S T E M  ---------------

OS: Windows 8.1 , 64 bit Build 9600 (6.3.9600.16656)

CPU:total 4 (2 cores per cpu, 2 threads per core) family 6 model 61 stepping 4, cmov, cx8, fxsr, mmx, sse, sse2, sse3, ssse3, sse4.1, sse4.2, popcnt, avx, avx2, aes, clmul, erms, 3dnowpref, lzcnt, ht, tsc, tscinvbit, bmi1, bmi2, adx

Memory: 4k page, physical 4106572k(536232k free), swap 4106572k(7452k free)

vm_info: Java HotSpot(TM) 64-Bit Server VM (25.65-b01) for windows-amd64 JRE (1.8.0_65-b17), built on Oct  6 2015 16:39:20 by "java_re" with MS VC++ 10.0 (VS2010)

time: Sun Nov 15 19:11:43 2015
elapsed time: 1 seconds (0d 0h 0m 1s)

