#
# There is insufficient memory for the Java Runtime Environment to continue.
# Native memory allocation (malloc) failed to allocate 262160 bytes for Chunk::new
# Possible reasons:
#   The system is out of physical RAM or swap space
#   In 32 bit mode, the process size limit was hit
# Possible solutions:
#   Reduce memory load on the system
#   Increase physical memory or swap space
#   Check if swap backing store is full
#   Use 64 bit Java on a 64 bit OS
#   Decrease Java heap size (-Xmx/-Xms)
#   Decrease number of Java threads
#   Decrease Java thread stack sizes (-Xss)
#   Set larger code cache with -XX:ReservedCodeCacheSize=
# This output file may be truncated or incomplete.
#
#  Out of Memory Error (allocation.cpp:390), pid=5992, tid=2852
#
# JRE version: Java(TM) SE Runtime Environment (8.0_65-b17) (build 1.8.0_65-b17)
# Java VM: Java HotSpot(TM) 64-Bit Server VM (25.65-b01 mixed mode windows-amd64 compressed oops)
# Failed to write core dump. Minidumps are not enabled by default on client versions of Windows
#

---------------  T H R E A D  ---------------

Current thread (0x000000001501f000):  JavaThread "C2 CompilerThread0" daemon [_thread_in_native, id=2852, stack(0x0000000016560000,0x0000000016660000)]

Stack: [0x0000000016560000,0x0000000016660000]
[error occurred during error reporting (printing stack bounds), id 0xc0000005]

Native frames: (J=compiled Java code, j=interpreted, Vv=VM code, C=native code)


Current CompileTask:
C2:   8755 1799       4       com.android.dx.rop.code.Rops::ropFor (771 bytes)


---------------  P R O C E S S  ---------------

Java Threads: ( => current thread )
  0x000000001695f800 JavaThread "pool-1-thread-4" [_thread_blocked, id=4496, stack(0x0000000017260000,0x0000000017360000)]
  0x000000001695e800 JavaThread "pool-1-thread-3" [_thread_blocked, id=280, stack(0x0000000017160000,0x0000000017260000)]
  0x0000000016963000 JavaThread "pool-1-thread-2" [_thread_blocked, id=3392, stack(0x0000000017060000,0x0000000017160000)]
  0x00000000168c6000 JavaThread "pool-2-thread-1" [_thread_blocked, id=4776, stack(0x0000000016f60000,0x0000000017060000)]
  0x00000000168c5000 JavaThread "pool-1-thread-1" [_thread_blocked, id=6980, stack(0x0000000016e60000,0x0000000016f60000)]
  0x00000000166c4800 JavaThread "Service Thread" daemon [_thread_blocked, id=5900, stack(0x0000000016c60000,0x0000000016d60000)]
  0x000000001669b000 JavaThread "C1 CompilerThread2" daemon [_thread_blocked, id=7140, stack(0x0000000016b60000,0x0000000016c60000)]
  0x0000000016680800 JavaThread "C2 CompilerThread1" daemon [_thread_in_native, id=2604, stack(0x0000000016a60000,0x0000000016b60000)]
=>0x000000001501f000 JavaThread "C2 CompilerThread0" daemon [_thread_in_native, id=2852, stack(0x0000000016560000,0x0000000016660000)]
  0x000000001501d800 JavaThread "Attach Listener" daemon [_thread_blocked, id=6788, stack(0x0000000016460000,0x0000000016560000)]
  0x0000000015069000 JavaThread "Signal Dispatcher" daemon [_thread_blocked, id=4956, stack(0x0000000016360000,0x0000000016460000)]
  0x0000000002936000 JavaThread "Finalizer" daemon [_thread_blocked, id=5696, stack(0x0000000016260000,0x0000000016360000)]
  0x000000000292d000 JavaThread "Reference Handler" daemon [_thread_blocked, id=7072, stack(0x0000000016160000,0x0000000016260000)]
  0x0000000002840800 JavaThread "main" [_thread_blocked, id=6736, stack(0x00000000026e0000,0x00000000027e0000)]

Other Threads:
  0x0000000014fd8000 VMThread [stack: 0x0000000016060000,0x0000000016160000] [id=6636]
  0x0000000016734000 WatcherThread [stack: 0x0000000016d60000,0x0000000016e60000] [id=3136]

VM state:not at safepoint (normal execution)

VM Mutex/Monitor currently owned by a thread: None

Heap:
 PSYoungGen      total 35328K, used 7822K [0x00000000eab00000, 0x00000000efc00000, 0x0000000100000000)
  eden space 32768K, 16% used [0x00000000eab00000,0x00000000eb02bae8,0x00000000ecb00000)
  from space 2560K, 98% used [0x00000000ecb00000,0x00000000ecd78010,0x00000000ecd80000)
  to   space 8704K, 0% used [0x00000000ef380000,0x00000000ef380000,0x00000000efc00000)
 ParOldGen       total 44032K, used 24309K [0x00000000c0000000, 0x00000000c2b00000, 0x00000000eab00000)
  object space 44032K, 55% used [0x00000000c0000000,0x00000000c17bd5f8,0x00000000c2b00000)
 Metaspace       used 6406K, capacity 7128K, committed 7424K, reserved 1056768K
  class space    used 618K, capacity 656K, committed 768K, reserved 1048576K

Card table byte_map: [0x0000000011d00000,0x0000000011f10000] byte_map_base: 0x0000000011700000

Marking Bits: (ParMarkBitMap*) 0x000000006c85a5b0
 Begin Bits: [0x0000000012470000, 0x0000000013470000)
 End Bits:   [0x0000000013470000, 0x0000000014470000)

Polling page: 0x0000000000bc0000

CodeCache: size=245760Kb used=8079Kb max_used=8079Kb free=237680Kb
 bounds [0x0000000002940000, 0x0000000003130000, 0x0000000011940000]
 total_blobs=2099 nmethods=1828 adapters=183
 compilation: enabled

Compilation events (10 events):
Event: 8.727 Thread 0x000000001669b000 1915       2       java.util.concurrent.ThreadPoolExecutor::runStateAtLeast (11 bytes)
Event: 8.727 Thread 0x000000001669b000 nmethod 1915 0x0000000003128210 code [0x0000000003128360, 0x0000000003128490]
Event: 8.730 Thread 0x000000001669b000 1916       2       java.util.concurrent.ThreadPoolExecutor::beforeExecute (1 bytes)
Event: 8.730 Thread 0x000000001669b000 nmethod 1916 0x0000000003128510 code [0x0000000003128660, 0x00000000031287b0]
Event: 8.730 Thread 0x000000001669b000 1917       2       java.util.concurrent.ThreadPoolExecutor::afterExecute (1 bytes)
Event: 8.730 Thread 0x000000001669b000 nmethod 1917 0x0000000003128810 code [0x0000000003128960, 0x0000000003128ab0]
Event: 8.730 Thread 0x000000001669b000 1918   !   2       java.util.concurrent.ThreadPoolExecutor::getTask (179 bytes)
Event: 8.731 Thread 0x000000001669b000 nmethod 1918 0x0000000003128b10 code [0x0000000003128ce0, 0x0000000003129298]
Event: 8.731 Thread 0x000000001669b000 1919       2       java.util.concurrent.locks.ReentrantLock::lockInterruptibly (9 bytes)
Event: 8.732 Thread 0x000000001669b000 nmethod 1919 0x0000000003129690 code [0x0000000003129820, 0x0000000003129ab8]

GC Heap History (10 events):
Event: 3.690 GC heap before
{Heap before GC invocations=3 (full 0):
 PSYoungGen      total 18944K, used 18918K [0x00000000eab00000, 0x00000000ed000000, 0x0000000100000000)
  eden space 16384K, 100% used [0x00000000eab00000,0x00000000ebb00000,0x00000000ebb00000)
  from space 2560K, 99% used [0x00000000ebd80000,0x00000000ebff9b08,0x00000000ec000000)
  to   space 2560K, 0% used [0x00000000ebb00000,0x00000000ebb00000,0x00000000ebd80000)
 ParOldGen       total 44032K, used 4646K [0x00000000c0000000, 0x00000000c2b00000, 0x00000000eab00000)
  object space 44032K, 10% used [0x00000000c0000000,0x00000000c0489808,0x00000000c2b00000)
 Metaspace       used 6158K, capacity 7026K, committed 7296K, reserved 1056768K
  class space    used 595K, capacity 618K, committed 640K, reserved 1048576K
Event: 3.792 GC heap after
Heap after GC invocations=3 (full 0):
 PSYoungGen      total 18944K, used 2534K [0x00000000eab00000, 0x00000000ed000000, 0x0000000100000000)
  eden space 16384K, 0% used [0x00000000eab00000,0x00000000eab00000,0x00000000ebb00000)
  from space 2560K, 99% used [0x00000000ebb00000,0x00000000ebd79b08,0x00000000ebd80000)
  to   space 2560K, 0% used [0x00000000ecd80000,0x00000000ecd80000,0x00000000ed000000)
 ParOldGen       total 44032K, used 7331K [0x00000000c0000000, 0x00000000c2b00000, 0x00000000eab00000)
  object space 44032K, 16% used [0x00000000c0000000,0x00000000c0728e48,0x00000000c2b00000)
 Metaspace       used 6158K, capacity 7026K, committed 7296K, reserved 1056768K
  class space    used 595K, capacity 618K, committed 640K, reserved 1048576K
}
Event: 3.912 GC heap before
{Heap before GC invocations=4 (full 0):
 PSYoungGen      total 18944K, used 18918K [0x00000000eab00000, 0x00000000ed000000, 0x0000000100000000)
  eden space 16384K, 100% used [0x00000000eab00000,0x00000000ebb00000,0x00000000ebb00000)
  from space 2560K, 99% used [0x00000000ebb00000,0x00000000ebd79b08,0x00000000ebd80000)
  to   space 2560K, 0% used [0x00000000ecd80000,0x00000000ecd80000,0x00000000ed000000)
 ParOldGen       total 44032K, used 7331K [0x00000000c0000000, 0x00000000c2b00000, 0x00000000eab00000)
  object space 44032K, 16% used [0x00000000c0000000,0x00000000c0728e48,0x00000000c2b00000)
 Metaspace       used 6186K, capacity 7026K, committed 7296K, reserved 1056768K
  class space    used 595K, capacity 618K, committed 640K, reserved 1048576K
Event: 4.093 GC heap after
Heap after GC invocations=4 (full 0):
 PSYoungGen      total 35328K, used 2534K [0x00000000eab00000, 0x00000000ed000000, 0x0000000100000000)
  eden space 32768K, 0% used [0x00000000eab00000,0x00000000eab00000,0x00000000ecb00000)
  from space 2560K, 99% used [0x00000000ecd80000,0x00000000ecff9b08,0x00000000ed000000)
  to   space 2560K, 0% used [0x00000000ecb00000,0x00000000ecb00000,0x00000000ecd80000)
 ParOldGen       total 44032K, used 10060K [0x00000000c0000000, 0x00000000c2b00000, 0x00000000eab00000)
  object space 44032K, 22% used [0x00000000c0000000,0x00000000c09d3158,0x00000000c2b00000)
 Metaspace       used 6186K, capacity 7026K, committed 7296K, reserved 1056768K
  class space    used 595K, capacity 618K, committed 640K, reserved 1048576K
}
Event: 5.198 GC heap before
{Heap before GC invocations=5 (full 0):
 PSYoungGen      total 35328K, used 35302K [0x00000000eab00000, 0x00000000ed000000, 0x0000000100000000)
  eden space 32768K, 100% used [0x00000000eab00000,0x00000000ecb00000,0x00000000ecb00000)
  from space 2560K, 99% used [0x00000000ecd80000,0x00000000ecff9b08,0x00000000ed000000)
  to   space 2560K, 0% used [0x00000000ecb00000,0x00000000ecb00000,0x00000000ecd80000)
 ParOldGen       total 44032K, used 10060K [0x00000000c0000000, 0x00000000c2b00000, 0x00000000eab00000)
  object space 44032K, 22% used [0x00000000c0000000,0x00000000c09d3158,0x00000000c2b00000)
 Metaspace       used 6303K, capacity 7128K, committed 7424K, reserved 1056768K
  class space    used 616K, capacity 656K, committed 768K, reserved 1048576K
Event: 5.292 GC heap after
Heap after GC invocations=5 (full 0):
 PSYoungGen      total 35328K, used 2534K [0x00000000eab00000, 0x00000000ed000000, 0x0000000100000000)
  eden space 32768K, 0% used [0x00000000eab00000,0x00000000eab00000,0x00000000ecb00000)
  from space 2560K, 99% used [0x00000000ecb00000,0x00000000ecd79b28,0x00000000ecd80000)
  to   space 2560K, 0% used [0x00000000ecd80000,0x00000000ecd80000,0x00000000ed000000)
 ParOldGen       total 44032K, used 14840K [0x00000000c0000000, 0x00000000c2b00000, 0x00000000eab00000)
  object space 44032K, 33% used [0x00000000c0000000,0x00000000c0e7e158,0x00000000c2b00000)
 Metaspace       used 6303K, capacity 7128K, committed 7424K, reserved 1056768K
  class space    used 616K, capacity 656K, committed 768K, reserved 1048576K
}
Event: 8.121 GC heap before
{Heap before GC invocations=6 (full 0):
 PSYoungGen      total 35328K, used 35302K [0x00000000eab00000, 0x00000000ed000000, 0x0000000100000000)
  eden space 32768K, 100% used [0x00000000eab00000,0x00000000ecb00000,0x00000000ecb00000)
  from space 2560K, 99% used [0x00000000ecb00000,0x00000000ecd79b28,0x00000000ecd80000)
  to   space 2560K, 0% used [0x00000000ecd80000,0x00000000ecd80000,0x00000000ed000000)
 ParOldGen       total 44032K, used 14840K [0x00000000c0000000, 0x00000000c2b00000, 0x00000000eab00000)
  object space 44032K, 33% used [0x00000000c0000000,0x00000000c0e7e158,0x00000000c2b00000)
 Metaspace       used 6349K, capacity 7128K, committed 7424K, reserved 1056768K
  class space    used 616K, capacity 656K, committed 768K, reserved 1048576K
Event: 8.246 GC heap after
Heap after GC invocations=6 (full 0):
 PSYoungGen      total 35328K, used 2550K [0x00000000eab00000, 0x00000000ed000000, 0x0000000100000000)
  eden space 32768K, 0% used [0x00000000eab00000,0x00000000eab00000,0x00000000ecb00000)
  from space 2560K, 99% used [0x00000000ecd80000,0x00000000ecffdb18,0x00000000ed000000)
  to   space 2560K, 0% used [0x00000000ecb00000,0x00000000ecb00000,0x00000000ecd80000)
 ParOldGen       total 44032K, used 19649K [0x00000000c0000000, 0x00000000c2b00000, 0x00000000eab00000)
  object space 44032K, 44% used [0x00000000c0000000,0x00000000c1330420,0x00000000c2b00000)
 Metaspace       used 6349K, capacity 7128K, committed 7424K, reserved 1056768K
  class space    used 616K, capacity 656K, committed 768K, reserved 1048576K
}
Event: 8.507 GC heap before
{Heap before GC invocations=7 (full 0):
 PSYoungGen      total 35328K, used 35318K [0x00000000eab00000, 0x00000000ed000000, 0x0000000100000000)
  eden space 32768K, 100% used [0x00000000eab00000,0x00000000ecb00000,0x00000000ecb00000)
  from space 2560K, 99% used [0x00000000ecd80000,0x00000000ecffdb18,0x00000000ed000000)
  to   space 2560K, 0% used [0x00000000ecb00000,0x00000000ecb00000,0x00000000ecd80000)
 ParOldGen       total 44032K, used 19649K [0x00000000c0000000, 0x00000000c2b00000, 0x00000000eab00000)
  object space 44032K, 44% used [0x00000000c0000000,0x00000000c1330420,0x00000000c2b00000)
 Metaspace       used 6400K, capacity 7128K, committed 7424K, reserved 1056768K
  class space    used 618K, capacity 656K, committed 768K, reserved 1048576K
Event: 8.709 GC heap after
Heap after GC invocations=7 (full 0):
 PSYoungGen      total 35328K, used 2528K [0x00000000eab00000, 0x00000000efc00000, 0x0000000100000000)
  eden space 32768K, 0% used [0x00000000eab00000,0x00000000eab00000,0x00000000ecb00000)
  from space 2560K, 98% used [0x00000000ecb00000,0x00000000ecd78010,0x00000000ecd80000)
  to   space 8704K, 0% used [0x00000000ef380000,0x00000000ef380000,0x00000000efc00000)
 ParOldGen       total 44032K, used 24309K [0x00000000c0000000, 0x00000000c2b00000, 0x00000000eab00000)
  object space 44032K, 55% used [0x00000000c0000000,0x00000000c17bd5f8,0x00000000c2b00000)
 Metaspace       used 6400K, capacity 7128K, committed 7424K, reserved 1056768K
  class space    used 618K, capacity 656K, committed 768K, reserved 1048576K
}

Deoptimization events (10 events):
Event: 8.059 Thread 0x0000000016963000 Uncommon trap: reason=unstable_if action=reinterpret pc=0x0000000002fbb450 method=java.util.HashMap.resize()[Ljava/util/HashMap$Node; @ 206
Event: 8.304 Thread 0x00000000168c5000 Uncommon trap: reason=unstable_if action=reinterpret pc=0x0000000002f65c7c method=com.android.dx.ssa.SCCP.simulateStmt(Lcom/android/dx/ssa/SsaInsn;)V @ 435
Event: 8.450 Thread 0x0000000016963000 Uncommon trap: reason=unstable_if action=reinterpret pc=0x0000000002fad9c0 method=com.android.dx.cf.code.BasicBlocker.visitLocal(IIIILcom/android/dx/rop/type/Type;I)V @ 4
Event: 8.450 Thread 0x0000000016963000 Uncommon trap: reason=unloaded action=reinterpret pc=0x0000000002fcc490 method=com.android.dx.cf.code.ValueAwareMachine.run(Lcom/android/dx/cf/code/Frame;II)V @ 907
Event: 8.451 Thread 0x0000000016963000 Uncommon trap: reason=unstable_if action=reinterpret pc=0x0000000002feb52c method=com.android.dx.cf.code.RopperMachine.run(Lcom/android/dx/cf/code/Frame;II)V @ 743
Event: 8.452 Thread 0x0000000016963000 Uncommon trap: reason=unstable_if action=reinterpret pc=0x0000000002fc1b68 method=com.android.dx.cf.code.Ropper.mergeAndWorkAsNecessary(IILcom/android/dx/cf/code/Ropper$Subroutine;Lcom/android/dx/cf/code/Frame;[I)V @ 68
Event: 8.453 Thread 0x0000000016963000 Uncommon trap: reason=unstable_if action=reinterpret pc=0x000000000306b8f8 method=com.android.dx.cf.code.Merger.isPossiblyAssignableFrom(Lcom/android/dx/rop/type/TypeBearer;Lcom/android/dx/rop/type/TypeBearer;)Z @ 55
Event: 8.453 Thread 0x0000000016963000 Uncommon trap: reason=unstable_if action=reinterpret pc=0x0000000002fbf3c8 method=com.android.dx.cf.code.Merger.isPossiblyAssignableFrom(Lcom/android/dx/rop/type/TypeBearer;Lcom/android/dx/rop/type/TypeBearer;)Z @ 55
Event: 8.486 Thread 0x00000000168c5000 Uncommon trap: reason=unstable_if action=reinterpret pc=0x00000000030493fc method=com.android.dx.cf.code.Merger.isPossiblyAssignableFrom(Lcom/android/dx/rop/type/TypeBearer;Lcom/android/dx/rop/type/TypeBearer;)Z @ 55
Event: 8.486 Thread 0x00000000168c5000 Uncommon trap: reason=unstable_if action=reinterpret pc=0x0000000002fa019c method=com.android.dx.cf.code.Merger.isPossiblyAssignableFrom(Lcom/android/dx/rop/type/TypeBearer;Lcom/android/dx/rop/type/TypeBearer;)Z @ 55

Internal exceptions (6 events):
Event: 0.215 Thread 0x0000000002840800 Exception <a 'java/lang/NoSuchMethodError': Method sun.misc.Unsafe.defineClass(Ljava/lang/String;[BII)Ljava/lang/Class; name or signature does not match> (0x00000000eab13088) thrown at [C:\workspace\8-2-build-windows-amd64-cygwin\jdk8u65\4987\hotspot\src\sÉÚ“	ÅÀ?
Event: 0.215 Thread 0x0000000002840800 Exception <a 'java/lang/NoSuchMethodError': Method sun.misc.Unsafe.prefetchRead(Ljava/lang/Object;J)V name or signature does not match> (0x00000000eab13370) thrown at [C:\workspace\8-2-build-windows-amd64-cygwin\jdk8u65\4987\hotspot\src\share\vm\prims\jni.Ro>AÈñ@
Event: 4.647 Thread 0x0000000002840800 Exception <a 'java/lang/ArrayIndexOutOfBoundsException': 18> (0x00000000eba0cf08) thrown at [C:\workspace\8-2-build-windows-amd64-cygwin\jdk8u65\4987\hotspot\src\share\vm\interpreter\interpreterRuntime.cpp, line 366]
Event: 4.656 Thread 0x0000000002840800 Exception <a 'java/lang/ArrayIndexOutOfBoundsException'> (0x00000000eba0ea88) thrown at [C:\workspace\8-2-build-windows-amd64-cygwin\jdk8u65\4987\hotspot\src\share\vm\runtime\sharedRuntime.cpp, line 605]
Event: 4.657 Thread 0x0000000002840800 Exception <a 'java/lang/ArrayIndexOutOfBoundsException'> (0x00000000eba0fd70) thrown at [C:\workspace\8-2-build-windows-amd64-cygwin\jdk8u65\4987\hotspot\src\share\vm\runtime\sharedRuntime.cpp, line 605]
Event: 7.889 Thread 0x000000001695f800 Implicit null exception at 0x0000000003001cba to 0x0000000003006ce1

Events (10 events):
Event: 8.499 Thread 0x000000001695f800 DEOPT PACKING pc=0x0000000002db0dc9 sp=0x000000001735ea10
Event: 8.499 Thread 0x000000001695f800 DEOPT UNPACKING pc=0x000000000298787f sp=0x000000001735e840 mode 0
Event: 8.507 Executing VM operation: ParallelGCFailedAllocation
Event: 8.709 Executing VM operation: ParallelGCFailedAllocation done
Event: 8.712 Thread 0x0000000016963000 DEOPT PACKING pc=0x0000000003096899 sp=0x000000001715e810
Event: 8.712 Thread 0x0000000016963000 DEOPT UNPACKING pc=0x000000000298787f sp=0x000000001715e508 mode 0
Event: 8.712 Thread 0x0000000016963000 DEOPT PACKING pc=0x0000000002fc7d62 sp=0x000000001715e7f0
Event: 8.712 Thread 0x0000000016963000 DEOPT UNPACKING pc=0x000000000298787f sp=0x000000001715e510 mode 0
Event: 8.716 Thread 0x0000000016963000 DEOPT PACKING pc=0x0000000002dc65b1 sp=0x000000001715e7d0
Event: 8.716 Thread 0x0000000016963000 DEOPT UNPACKING pc=0x000000000298787f sp=0x000000001715e560 mode 0


Dynamic libraries:
0x00007ff66ca50000 - 0x00007ff66ca87000 	E:\Java\jdk1.8.0_65\bin\java.exe
0x00007ffde01f0000 - 0x00007ffde0399000 	C:\Windows\SYSTEM32\ntdll.dll
0x00007ffdddff0000 - 0x00007ffdde129000 	C:\Windows\system32\KERNEL32.DLL
0x00007ffddd920000 - 0x00007ffddda2e000 	C:\Windows\system32\KERNELBASE.dll
0x00007ffdddda0000 - 0x00007ffddde45000 	C:\Windows\system32\ADVAPI32.dll
0x00007ffdde130000 - 0x00007ffdde2a1000 	C:\Windows\system32\USER32.dll
0x00007ffddb3c0000 - 0x00007ffddb61a000 	C:\Windows\WinSxS\amd64_microsoft.windows.common-controls_6595b64144ccf1df_6.0.9600.16384_none_62475f7becb72503\COMCTL32.dll
0x00007ffdddc80000 - 0x00007ffdddd27000 	C:\Windows\system32\msvcrt.dll
0x00007ffdde370000 - 0x00007ffdde3c7000 	C:\Windows\SYSTEM32\sechost.dll
0x00007ffdde3d0000 - 0x00007ffdde506000 	C:\Windows\system32\RPCRT4.dll
0x00007ffdde800000 - 0x00007ffdde945000 	C:\Windows\system32\GDI32.dll
0x00007ffdde760000 - 0x00007ffdde794000 	C:\Windows\system32\IMM32.DLL
0x00007ffdde950000 - 0x00007ffddea89000 	C:\Windows\system32\MSCTF.dll
0x000000006d190000 - 0x000000006d262000 	E:\Java\jdk1.8.0_65\jre\bin\msvcr100.dll
0x000000006c050000 - 0x000000006c8d9000 	E:\Java\jdk1.8.0_65\jre\bin\server\jvm.dll
0x00007ffdd5e10000 - 0x00007ffdd5e19000 	C:\Windows\SYSTEM32\WSOCK32.dll
0x00007ffdd5f80000 - 0x00007ffdd5f9f000 	C:\Windows\SYSTEM32\WINMM.dll
0x00007ffdd41a0000 - 0x00007ffdd41aa000 	C:\Windows\SYSTEM32\VERSION.dll
0x00007ffdde750000 - 0x00007ffdde757000 	C:\Windows\system32\PSAPI.DLL
0x00007ffdddd40000 - 0x00007ffdddd98000 	C:\Windows\system32\WS2_32.dll
0x00007ffdd5f50000 - 0x00007ffdd5f7a000 	C:\Windows\SYSTEM32\WINMMBASE.dll
0x00007ffdddd30000 - 0x00007ffdddd39000 	C:\Windows\system32\NSI.dll
0x00007ffddda30000 - 0x00007ffddda7a000 	C:\Windows\SYSTEM32\cfgmgr32.dll
0x00007ffddc420000 - 0x00007ffddc446000 	C:\Windows\SYSTEM32\DEVOBJ.dll
0x000000006d780000 - 0x000000006d78f000 	E:\Java\jdk1.8.0_65\jre\bin\verify.dll
0x000000006d750000 - 0x000000006d779000 	E:\Java\jdk1.8.0_65\jre\bin\java.dll
0x000000006d730000 - 0x000000006d746000 	E:\Java\jdk1.8.0_65\jre\bin\zip.dll
0x00007ffddede0000 - 0x00007ffde01ed000 	C:\Windows\system32\SHELL32.dll
0x00007ffddec00000 - 0x00007ffddedd7000 	C:\Windows\SYSTEM32\combase.dll
0x00007ffdde7a0000 - 0x00007ffdde7f1000 	C:\Windows\system32\SHLWAPI.dll
0x00007ffddbbc0000 - 0x00007ffddbc61000 	C:\Windows\SYSTEM32\SHCORE.dll
0x00007ffddd570000 - 0x00007ffddd584000 	C:\Windows\SYSTEM32\profapi.dll

VM Arguments:
jvm_args: -Xmx1024M -Dfile.encoding=GBK -Duser.country=CN -Duser.language=zh -Duser.variant 
java_command: com.android.dx.command.Main --dex --num-threads=4 --output D:\AndroidStudioProjects\gaodedemo\app\build\intermediates\pre-dexed\debug\Android_2DMapApi_V2.5.0-e6bbaed4b1b556389866d9b08a831108bf5028d7.jar D:\AndroidStudioProjects\gaodedemo\app\libs\Android_2DMapApi_V2.5.0.jar
java_class_path (initial): D:\Android\sdk\build-tools\23.0.2\lib\dx.jar
Launcher Type: SUN_STANDARD

Environment Variables:
JAVA_HOME=E:\Java\jdk1.8.0_65
CLASSPATH=E:\Java\jdk1.8.0_65\lib\dt.jar;E:\Java\jdk1.8.0_65\lib\tools.jar;
PATH=C:\ProgramData\Oracle\Java\javapath;C:\Program Files (x86)\Intel\iCLS Client\;C:\Program Files\Intel\iCLS Client\;C:\Windows\system32;C:\Windows;C:\Windows\System32\Wbem;C:\Windows\System32\WindowsPowerShell\v1.0\;C:\Program Files (x86)\Intel\Intel(R) Management Engine Components\DAL;C:\Program Files\Intel\Intel(R) Management Engine Components\DAL;C:\Program Files (x86)\Intel\Intel(R) Management Engine Components\IPT;C:\Program Files\Intel\Intel(R) Management Engine Components\IPT;C:\Program Files (x86)\NVIDIA Corporation\PhysX\Common;E:\Java\jdk1.8.0_65\bin;E:\Android\sdk\platform-tools;E:\Android\sdk\tools;c:\Program Files (x86)\Microsoft SQL Server\90\Tools\binn\
USERNAME=Administrator
OS=Windows_NT
PROCESSOR_IDENTIFIER=Intel64 Family 6 Model 61 Stepping 4, GenuineIntel



---------------  S Y S T E M  ---------------

OS: Windows 8.1 , 64 bit Build 9600 (6.3.9600.16656)

CPU:total 4 (2 cores per cpu, 2 threads per core) family 6 model 61 stepping 4, cmov, cx8, fxsr, mmx, sse, sse2, sse3, ssse3, sse4.1, sse4.2, popcnt, avx, avx2, aes, clmul, erms, 3dnowpref, lzcnt, ht, tsc, tscinvbit, bmi1, bmi2, adx

Memory: 4k page, physical 4106572k(366284k free), swap 4106572k(5244k free)

vm_info: Java HotSpot(TM) 64-Bit Server VM (25.65-b01) for windows-amd64 JRE (1.8.0_65-b17), built on Oct  6 2015 16:39:20 by "java_re" with MS VC++ 10.0 (VS2010)

time: Sun Nov 15 19:09:04 2015
elapsed time: 8 seconds (0d 0h 0m 8s)

