#
# There is insufficient memory for the Java Runtime Environment to continue.
# Native memory allocation (malloc) failed to allocate 61840 bytes for Chunk::new
# Possible reasons:
#   The system is out of physical RAM or swap space
#   In 32 bit mode, the process size limit was hit
# Possible solutions:
#   Reduce memory load on the system
#   Increase physical memory or swap space
#   Check if swap backing store is full
#   Use 64 bit Java on a 64 bit OS
#   Decrease Java heap size (-Xmx/-Xms)
#   Decrease number of Java threads
#   Decrease Java thread stack sizes (-Xss)
#   Set larger code cache with -XX:ReservedCodeCacheSize=
# This output file may be truncated or incomplete.
#
#  Out of Memory Error (allocation.cpp:390), pid=3080, tid=4312
#
# JRE version: Java(TM) SE Runtime Environment (8.0_65-b17) (build 1.8.0_65-b17)
# Java VM: Java HotSpot(TM) 64-Bit Server VM (25.65-b01 mixed mode windows-amd64 compressed oops)
# Failed to write core dump. Minidumps are not enabled by default on client versions of Windows
#

---------------  T H R E A D  ---------------

Current thread (0x000000001538a000):  JavaThread "C2 CompilerThread0" daemon [_thread_in_native, id=4312, stack(0x0000000016880000,0x0000000016980000)]

Stack: [0x0000000016880000,0x0000000016980000]
[error occurred during error reporting (printing stack bounds), id 0xc0000005]

Native frames: (J=compiled Java code, j=interpreted, Vv=VM code, C=native code)


Current CompileTask:
C2:    637  157       4       java.util.regex.Matcher::replaceAll (59 bytes)


---------------  P R O C E S S  ---------------

Java Threads: ( => current thread )
  0x00000000169ee800 JavaThread "Service Thread" daemon [_thread_blocked, id=7152, stack(0x0000000016f80000,0x0000000017080000)]
  0x00000000169e8800 JavaThread "C1 CompilerThread2" daemon [_thread_blocked, id=1284, stack(0x0000000016e80000,0x0000000016f80000)]
  0x000000001538c800 JavaThread "C2 CompilerThread1" daemon [_thread_in_native, id=6744, stack(0x0000000016d80000,0x0000000016e80000)]
=>0x000000001538a000 JavaThread "C2 CompilerThread0" daemon [_thread_in_native, id=4312, stack(0x0000000016880000,0x0000000016980000)]
  0x000000001533e000 JavaThread "Attach Listener" daemon [_thread_blocked, id=6560, stack(0x0000000016780000,0x0000000016880000)]
  0x000000001533d000 JavaThread "Signal Dispatcher" daemon [_thread_blocked, id=6212, stack(0x0000000016680000,0x0000000016780000)]
  0x0000000002c56000 JavaThread "Finalizer" daemon [_thread_blocked, id=6732, stack(0x0000000016580000,0x0000000016680000)]
  0x00000000152f9000 JavaThread "Reference Handler" daemon [_thread_blocked, id=6116, stack(0x0000000016480000,0x0000000016580000)]
  0x0000000002b60800 JavaThread "main" [_thread_in_Java, id=7108, stack(0x0000000002980000,0x0000000002a80000)]

Other Threads:
  0x00000000152f7000 VMThread [stack: 0x0000000016380000,0x0000000016480000] [id=6680]
  0x0000000016a11800 WatcherThread [stack: 0x0000000017080000,0x0000000017180000] [id=7024]

VM state:not at safepoint (normal execution)

VM Mutex/Monitor currently owned by a thread: None

Heap:
 PSYoungGen      total 18944K, used 11151K [0x00000000eab00000, 0x00000000ec000000, 0x0000000100000000)
  eden space 16384K, 68% used [0x00000000eab00000,0x00000000eb5e3d90,0x00000000ebb00000)
  from space 2560K, 0% used [0x00000000ebd80000,0x00000000ebd80000,0x00000000ec000000)
  to   space 2560K, 0% used [0x00000000ebb00000,0x00000000ebb00000,0x00000000ebd80000)
 ParOldGen       total 44032K, used 0K [0x00000000c0000000, 0x00000000c2b00000, 0x00000000eab00000)
  object space 44032K, 0% used [0x00000000c0000000,0x00000000c0000000,0x00000000c2b00000)
 Metaspace       used 3439K, capacity 4720K, committed 4864K, reserved 1056768K
  class space    used 372K, capacity 424K, committed 512K, reserved 1048576K

Card table byte_map: [0x0000000012020000,0x0000000012230000] byte_map_base: 0x0000000011a20000

Marking Bits: (ParMarkBitMap*) 0x000000006c85a5b0
 Begin Bits: [0x0000000012790000, 0x0000000013790000)
 End Bits:   [0x0000000013790000, 0x0000000014790000)

Polling page: 0x0000000000ed0000

CodeCache: size=245760Kb used=1406Kb max_used=1418Kb free=244353Kb
 bounds [0x0000000002c60000, 0x0000000002ed0000, 0x0000000011c60000]
 total_blobs=401 nmethods=156 adapters=158
 compilation: enabled

Compilation events (10 events):
Event: 0.529 Thread 0x000000001538a000 nmethod 154 0x0000000002dbef90 code [0x0000000002dbf0e0, 0x0000000002dbf558]
Event: 0.529 Thread 0x000000001538a000  153       4       java.lang.String::compareTo (78 bytes)
Event: 0.533 Thread 0x000000001538a000 nmethod 153 0x0000000002dbb7d0 code [0x0000000002dbb920, 0x0000000002dbbab8]
Event: 0.567 Thread 0x000000001538c800 nmethod 152 0x0000000002dc29d0 code [0x0000000002dc2b80, 0x0000000002dc3998]
Event: 0.588 Thread 0x000000001538a000  155       4       java.util.regex.Pattern::<init> (90 bytes)
Event: 0.590 Thread 0x000000001538a000 nmethod 155 0x0000000002dc0e50 code [0x0000000002dc0fa0, 0x0000000002dc10a8]
Event: 0.592 Thread 0x000000001538c800  156   !   4       java.util.regex.Pattern::matcher (44 bytes)
Event: 0.600 Thread 0x000000001538c800 nmethod 156 0x0000000002dc06d0 code [0x0000000002dc0840, 0x0000000002dc0bf8]
Event: 0.608 Thread 0x000000001538a000  157       4       java.util.regex.Matcher::replaceAll (59 bytes)
Event: 0.630 Thread 0x000000001538c800  158       4       java.util.regex.Matcher::find (69 bytes)

GC Heap History (0 events):
No events

Deoptimization events (0 events):
No events

Internal exceptions (2 events):
Event: 0.101 Thread 0x0000000002b60800 Exception <a 'java/lang/NoSuchMethodError': Method sun.misc.Unsafe.defineClass(Ljava/lang/String;[BII)Ljava/lang/Class; name or signature does not match> (0x00000000eab13088) thrown at [C:\workspace\8-2-build-windows-amd64-cygwin\jdk8u65\4987\hotspot\src\sè†óÀ'Ú¹?
Event: 0.101 Thread 0x0000000002b60800 Exception <a 'java/lang/NoSuchMethodError': Method sun.misc.Unsafe.prefetchRead(Ljava/lang/Object;J)V name or signature does not match> (0x00000000eab13370) thrown at [C:\workspace\8-2-build-windows-amd64-cygwin\jdk8u65\4987\hotspot\src\share\vm\prims\jni.

Events (10 events):
Event: 0.485 loading class java/util/regex/Pattern$BnM
Event: 0.485 loading class java/util/regex/Pattern$BnM done
Event: 0.485 loading class java/util/regex/Pattern$SliceS
Event: 0.485 loading class java/util/regex/Pattern$SliceS done
Event: 0.485 loading class java/util/regex/Matcher
Event: 0.485 loading class java/util/regex/MatchResult
Event: 0.485 loading class java/util/regex/MatchResult done
Event: 0.485 loading class java/util/regex/Matcher done
Event: 0.513 Thread 0x0000000002b60800 DEOPT PACKING pc=0x0000000002d885a5 sp=0x0000000002a7ee70
Event: 0.513 Thread 0x0000000002b60800 DEOPT UNPACKING pc=0x0000000002ca787f sp=0x0000000002a7eb80 mode 0


Dynamic libraries:
0x00007ff66ca50000 - 0x00007ff66ca87000 	E:\Java\jdk1.8.0_65\bin\java.exe
0x00007ffde01f0000 - 0x00007ffde0399000 	C:\Windows\SYSTEM32\ntdll.dll
0x00007ffdddff0000 - 0x00007ffdde129000 	C:\Windows\system32\KERNEL32.DLL
0x00007ffddd920000 - 0x00007ffddda2e000 	C:\Windows\system32\KERNELBASE.dll
0x00007ffdddda0000 - 0x00007ffddde45000 	C:\Windows\system32\ADVAPI32.dll
0x00007ffdde130000 - 0x00007ffdde2a1000 	C:\Windows\system32\USER32.dll
0x00007ffddb3c0000 - 0x00007ffddb61a000 	C:\Windows\WinSxS\amd64_microsoft.windows.common-controls_6595b64144ccf1df_6.0.9600.16384_none_62475f7becb72503\COMCTL32.dll
0x00007ffdddc80000 - 0x00007ffdddd27000 	C:\Windows\system32\msvcrt.dll
0x00007ffdde370000 - 0x00007ffdde3c7000 	C:\Windows\SYSTEM32\sechost.dll
0x00007ffdde3d0000 - 0x00007ffdde506000 	C:\Windows\system32\RPCRT4.dll
0x00007ffdde800000 - 0x00007ffdde945000 	C:\Windows\system32\GDI32.dll
0x00007ffdde760000 - 0x00007ffdde794000 	C:\Windows\system32\IMM32.DLL
0x00007ffdde950000 - 0x00007ffddea89000 	C:\Windows\system32\MSCTF.dll
0x000000006d190000 - 0x000000006d262000 	E:\Java\jdk1.8.0_65\jre\bin\msvcr100.dll
0x000000006c050000 - 0x000000006c8d9000 	E:\Java\jdk1.8.0_65\jre\bin\server\jvm.dll
0x00007ffdd5e10000 - 0x00007ffdd5e19000 	C:\Windows\SYSTEM32\WSOCK32.dll
0x00007ffdd5f80000 - 0x00007ffdd5f9f000 	C:\Windows\SYSTEM32\WINMM.dll
0x00007ffdd41a0000 - 0x00007ffdd41aa000 	C:\Windows\SYSTEM32\VERSION.dll
0x00007ffdde750000 - 0x00007ffdde757000 	C:\Windows\system32\PSAPI.DLL
0x00007ffdddd40000 - 0x00007ffdddd98000 	C:\Windows\system32\WS2_32.dll
0x00007ffdd5f50000 - 0x00007ffdd5f7a000 	C:\Windows\SYSTEM32\WINMMBASE.dll
0x00007ffdddd30000 - 0x00007ffdddd39000 	C:\Windows\system32\NSI.dll
0x00007ffddda30000 - 0x00007ffddda7a000 	C:\Windows\SYSTEM32\cfgmgr32.dll
0x00007ffddc420000 - 0x00007ffddc446000 	C:\Windows\SYSTEM32\DEVOBJ.dll
0x000000006d780000 - 0x000000006d78f000 	E:\Java\jdk1.8.0_65\jre\bin\verify.dll
0x000000006d750000 - 0x000000006d779000 	E:\Java\jdk1.8.0_65\jre\bin\java.dll
0x000000006d730000 - 0x000000006d746000 	E:\Java\jdk1.8.0_65\jre\bin\zip.dll
0x00007ffddede0000 - 0x00007ffde01ed000 	C:\Windows\system32\SHELL32.dll
0x00007ffddec00000 - 0x00007ffddedd7000 	C:\Windows\SYSTEM32\combase.dll
0x00007ffdde7a0000 - 0x00007ffdde7f1000 	C:\Windows\system32\SHLWAPI.dll
0x00007ffddbbc0000 - 0x00007ffddbc61000 	C:\Windows\SYSTEM32\SHCORE.dll
0x00007ffddd570000 - 0x00007ffddd584000 	C:\Windows\SYSTEM32\profapi.dll

VM Arguments:
jvm_args: -Xmx1024M -Dfile.encoding=GBK -Duser.country=CN -Duser.language=zh -Duser.variant 
java_command: com.android.dx.command.Main --dex --num-threads=4 --output D:\AndroidStudioProjects\gaodedemo\app\build\intermediates\pre-dexed\debug\classes-462c27aa2167c5d75e8c7385d71fdeb6e5194dfe.jar D:\AndroidStudioProjects\gaodedemo\app\build\intermediates\exploded-aar\com.android.support\support-v4\23.1.1\jars\classes.jar
java_class_path (initial): D:\Android\sdk\build-tools\23.0.2\lib\dx.jar
Launcher Type: SUN_STANDARD

Environment Variables:
JAVA_HOME=E:\Java\jdk1.8.0_65
CLASSPATH=E:\Java\jdk1.8.0_65\lib\dt.jar;E:\Java\jdk1.8.0_65\lib\tools.jar;
PATH=C:\ProgramData\Oracle\Java\javapath;C:\Program Files (x86)\Intel\iCLS Client\;C:\Program Files\Intel\iCLS Client\;C:\Windows\system32;C:\Windows;C:\Windows\System32\Wbem;C:\Windows\System32\WindowsPowerShell\v1.0\;C:\Program Files (x86)\Intel\Intel(R) Management Engine Components\DAL;C:\Program Files\Intel\Intel(R) Management Engine Components\DAL;C:\Program Files (x86)\Intel\Intel(R) Management Engine Components\IPT;C:\Program Files\Intel\Intel(R) Management Engine Components\IPT;C:\Program Files (x86)\NVIDIA Corporation\PhysX\Common;E:\Java\jdk1.8.0_65\bin;E:\Android\sdk\platform-tools;E:\Android\sdk\tools;c:\Program Files (x86)\Microsoft SQL Server\90\Tools\binn\
USERNAME=Administrator
OS=Windows_NT
PROCESSOR_IDENTIFIER=Intel64 Family 6 Model 61 Stepping 4, GenuineIntel



---------------  S Y S T E M  ---------------

OS: Windows 8.1 , 64 bit Build 9600 (6.3.9600.16656)

CPU:total 4 (2 cores per cpu, 2 threads per core) family 6 model 61 stepping 4, cmov, cx8, fxsr, mmx, sse, sse2, sse3, ssse3, sse4.1, sse4.2, popcnt, avx, avx2, aes, clmul, erms, 3dnowpref, lzcnt, ht, tsc, tscinvbit, bmi1, bmi2, adx

Memory: 4k page, physical 4106572k(647160k free), swap 4106572k(5404k free)

vm_info: Java HotSpot(TM) 64-Bit Server VM (25.65-b01) for windows-amd64 JRE (1.8.0_65-b17), built on Oct  6 2015 16:39:20 by "java_re" with MS VC++ 10.0 (VS2010)

time: Sun Nov 15 19:36:14 2015
elapsed time: 0 seconds (0d 0h 0m 0s)

